2025-07-07 08:13:09 | __main__ | DEBUG | 1143 | oepuidZvkJaNyUR2LdeaBrPdg9Danm7f8uc2wJekDx7zkGiMENKWl3L3XGlO
2025-07-07 08:13:09 | __main__ | DEBUG | 1144 | 4MAFlJMqvNFyEiHqN7xHcCzPJ0R7zDPGaNUsFrlLZ1BXvavB9kvuGZ8tptqR
2025-07-07 08:13:09 | __main__ | DEBUG | 1145 | Ad9tPEsyK7fK0i7eswVm5Edk2jzoir6PpukZBOw9vPKfhOmHltQNwZjZmKAz
2025-07-07 08:13:09 | __main__ | DEBUG | 1146 | 6oZVQX29MSwTFQ7L8vWA4119upLz4uJ2yLwts0SX945yP1HD2C9imNEpwSmM
2025-07-07 08:13:09 | __main__ | DEBUG | 1147 | iYgsEaei2tb8HqY4nizdWCOplwzXjdKG3JtjsgD1TW7cEpORHeHdyfVW6cgs
2025-07-07 08:13:09 | __main__ | DEBUG | 1148 | K8ze66ymT7J8XSoFNuDGIEdQE4HeHheYZfexJulIRO0etpV8dy7GJrlIur4F
2025-07-07 08:13:09 | __main__ | DEBUG | 1149 | 8GnDxOWPN9xpZyIi2TSYMv4TgDtNS5KWjiHEsvbUnKsU0a2usLgkyNuxPPAV
2025-07-07 08:13:09 | __main__ | DEBUG | 1150 | RO2pClRDBne3S3On7DPVCXIfm4eLnLtZTl5EnZW07BqS4lRZCDHvWZ5XPZgJ
2025-07-07 08:13:09 | __main__ | DEBUG | 1151 | FN0LIBLQ7W2QmvXg7YPurZg4p08AdkjKdQvplnmfXEMTlGeipQOWOZiaga8k
2025-07-07 08:13:09 | __main__ | DEBUG | 1152 | WuALd1DtHJutyYhxCy08g3XfJL3wXuQGcZ3rXgIWPNhEJA9e8A8S2k3z9Grl
2025-07-07 08:13:09 | __main__ | DEBUG | 1153 | 3oiAwjubCymQTD0BYVYLd8fRkPJJqSBJoE07SJTpJzznCzynhqOsp70KiwTH
2025-07-07 08:13:09 | __main__ | DEBUG | 1154 | PzOugq2LyEHE6y8CES2v3DaqoeC4MME531xXR7AfHTyHueYGzTjBJEDCOr4O
2025-07-07 08:13:09 | __main__ | DEBUG | 1155 | ALnJcoF7uTkfAQEgHkm67aROshILNTp4UffSvqqlZ34RUx9vjAbZflCaCJM3
2025-07-07 08:13:09 | __main__ | DEBUG | 1156 | icvaTcxO2qAKP8m7szIkblLY5nxjMYtAO53OeqfTmE1ZknmMrnG7NHMvs3LL
2025-07-07 08:13:09 | __main__ | DEBUG | 1157 | kDawK94qi7kZbFyY3I9T1iaFn3grKXhlw669e128Muc0RiBrJyOVEDqO1GT6
2025-07-07 08:13:09 | __main__ | DEBUG | 1158 | vJKtvM6ISqCBQQ1bH9wRtCYql2xBWDeeAW9zP7dHIfZKi7xk1GOar59YUSyR
2025-07-07 08:13:09 | __main__ | DEBUG | 1159 | evrhCNRZgNOoCRvMkuuQslSmf2Wundax9ylmFkbM63sBk9fmzkpOi0UNUQWX
2025-07-07 08:13:09 | __main__ | DEBUG | 1160 | hJH88dB5uwmTSANi3bwz8omLLystY0Hf9tO7MEENorSWZhSxsLOEgRv9sAGR
2025-07-07 08:13:09 | __main__ | DEBUG | 1161 | KN0uqvtJZhrVxcwjnB6LMwq7IPMfRhSDrCIfFkodWOlxrxIamf0uvMZIDIq8
2025-07-07 08:13:09 | __main__ | DEBUG | 1162 | Sgk4PkgI78JcTj25S0ew5HxHM15FzMfRklkdQH68UQX1T68zyAJ1VrohFeuz
2025-07-07 08:13:09 | __main__ | DEBUG | 1163 | OBf3dsWb18m95bUdZmRWz2c22UcWElgTHL7HaIjveGjr0fLbpNJLpCK6w9sd
2025-07-07 08:13:09 | __main__ | DEBUG | 1164 | 2X1wUTYMocVk9l2xzHsyCZZkpuVS1parhwM4Q0OOu5FSiGoTT4RSdTdQI31M
2025-07-07 08:13:09 | __main__ | DEBUG | 1165 | 6Dw3inKAZ6jVsYIt8InWRmkpdMOV4RwwwCNNZLWGF7h0TYkY33pNLpEeLbEc
2025-07-07 08:13:09 | __main__ | DEBUG | 1166 | kP0Cml3208g92p8m5zFaJtUnavjAGWwir8U2BQsKeONhlv8o0zhwasWHTkwu
2025-07-07 08:13:09 | __main__ | DEBUG | 1167 | e2UCdGedpnEvJDc9N31oxw9bt1NxzilkDKL9FZ2HrsHLXqOr8pxDXoq4SYYX
2025-07-07 08:13:09 | __main__ | DEBUG | 1168 | qKVlmqDHVvh3Q7t3P7s13b7LxKLbdMi9hSPw1tUT4mbx2dYb9c2BwsEZj1TU
2025-07-07 08:13:09 | __main__ | DEBUG | 1169 | ICR3uKfWJ7bCGnvQQu0QFEtJ7gQ1fKvwBDq49havZufRYThpVF8wvvym3BF4
2025-07-07 08:13:09 | __main__ | DEBUG | 1170 | sdxxfF2De8PMsjUNWaEeraUgV10GWI13vYXf2CG2arn0ayGuHmCc9ehj6or8
2025-07-07 08:13:09 | __main__ | DEBUG | 1171 | 75i93I69XoFyl8wMZ6eE8qRPFYmW4b9czguQd0eYWGBd956B6fsjDn10uGKw
2025-07-07 08:13:09 | __main__ | DEBUG | 1172 | UG8mSAe1kqq571FhQF9KHeTGyEpUZqc5dEYy72p70rIPmFTAMImD3Yqp1ojb
2025-07-07 08:13:09 | __main__ | DEBUG | 1173 | qdJAxLQKBIujrruzd6ADDqPBKxFVev4AJjG9NPJ4ElK2kUxJ6gDvBaLzJnKR
2025-07-07 08:13:09 | __main__ | DEBUG | 1174 | 22UDjh5LDSd9MPy2lTQDkN9XQnfJy1xmZcS0ZS7GGNzgHAa8JXBdLRJIbAu3
2025-07-07 08:13:09 | __main__ | DEBUG | 1175 | V4XyFCD42aR1gjAWquGoWZQucWLr0B0wHQB1e6utgTQHZKWt07VIzV5ey4eD
2025-07-07 08:13:09 | __main__ | DEBUG | 1176 | vQX5NRwS4m5y4Ji2AAUWYUbRptsPorNVMzt7553WOAGsEc6xBJEO1VYQ2c6i
2025-07-07 08:13:09 | __main__ | DEBUG | 1177 | 9hncoQ5eunoZqxRx5OPg62DuLQGSAqXOn06nXf7K1InFEQcGaZh793kTQjGB
2025-07-07 08:13:09 | __main__ | DEBUG | 1178 | PJD94vijnMyQh0xxbkC9FSgG9iepCurrsSv8oNCbpoUMCQ9rPlLmAmfft0Cw
2025-07-07 08:13:09 | __main__ | DEBUG | 1179 | kUaZSNXvwNddKdtwhvCIH9IXjLd5uTT6dQNbl3K5TqYJQferOHCSMfG8tpag
2025-07-07 08:13:09 | __main__ | DEBUG | 1180 | NGuJ4UVsM29VVOKEMSAQkoidGR7jwQESTguvLBqfjNweSLmuBVT5VSyhvwMG
2025-07-07 08:13:09 | __main__ | DEBUG | 1181 | lpEPAXbFzJVPwvy5ydiMyTso4dVoZAAgKPhZEnA85ps5oIqCRdA7evoJYOcE
2025-07-07 08:13:09 | __main__ | DEBUG | 1182 | shKJhuEHzll8YupUpmocKCeeN4FipFjzgjl66GgYmTNyORtndNPXQ0JPLrxw
2025-07-07 08:13:09 | __main__ | DEBUG | 1183 | TcAoXcf4IsIjNOdfwAVespcXr9vWc7OuOl1CFNrhGTOiKotSqTNcZ5LlLwFV
2025-07-07 08:13:09 | __main__ | DEBUG | 1184 | bSNmkhsotbSqlYMBmtvZZvJegJZVMWFDFPwiAbcgK4aE6OvKTa3s3Vmi6Ksj
2025-07-07 08:13:09 | __main__ | DEBUG | 1185 | Ne9DPc0FjwKdEcAuIp4tojSpdUY5snlFIDszHa42SFBWc9nevgX984K6F6bw
2025-07-07 08:13:09 | __main__ | DEBUG | 1186 | PvgkUn4c5K0sPl3Cp3N27oVYgmJdy1BJTmFfozqFSZPeZ6qGXe0X9FdrzWEe
2025-07-07 08:13:09 | __main__ | DEBUG | 1187 | BC9v4hDtaKmPp1GlMy8Ftwkv3a8k2RpEjL3JE6xwcTw5SWojY5iZnuE0wxXB
2025-07-07 08:13:09 | __main__ | DEBUG | 1188 | ybuOPbF7mkTeTZaKm3vgSec3nY81qWQCy7pxnRrbiGO6bbUPW4Q8wGlNCn56
2025-07-07 08:13:09 | __main__ | DEBUG | 1189 | MxjBxPhQHlNxj1AvnukumEMty4OKG4U4I6q2yYYGeZ6eRx7tvaNrBHRRyHXO
2025-07-07 08:13:09 | __main__ | DEBUG | 1190 | xDsT2573Xa7bYepXmsaG6DmhY2NLz5XQNooHDK58sN4pZSHyJ7O8Jf0UR2SZ
2025-07-07 08:13:09 | __main__ | DEBUG | 1191 | cDlhEE0JbHNDCNxBJhxX7UWw374z5tk5tsNVrwAYj3wPpTH5eYvoSipt25ZA
2025-07-07 08:13:09 | __main__ | DEBUG | 1192 | kHpvq8i7JaY3AVjpmgPWCfywtSW6tpyFfzxUv9rdCcPhCJJhtqSV1dlcIYm9
2025-07-07 08:13:09 | __main__ | DEBUG | 1193 | DV3G8bkFFxhaYMOvxo8mhq0b87hwPBwCtXPt7arE4G9D7BTCfr4XB7tjOgHH
2025-07-07 08:13:09 | __main__ | DEBUG | 1194 | ipjr6s53ETOU7e8HUfdN3gaTsy8rU650CHcZvYZ0bEO3E6YqWSp0tv1VGnhz
2025-07-07 08:13:09 | __main__ | DEBUG | 1195 | 5ZkXIqkZf3RvCI6tcbTIgDNGlVBKlCJqcvSbi5WU1x7cnTB3GfHQAvJgFeas
2025-07-07 08:13:09 | __main__ | DEBUG | 1196 | SRrrailYyiQvOk9zFr9zkzSurAblbFFTiliz4gi9vQvrdexy4LujcmOrkWOH
2025-07-07 08:13:09 | __main__ | DEBUG | 1197 | vi0fvfUoncjuXvLzWbSYNVk2FS496yJnrmdwDale2lxVGbFcyBIg8iczO5gv
2025-07-07 08:13:09 | __main__ | DEBUG | 1198 | 69faWoWR3GRt1d7JEMI8DZdGjy1MYjxTmEUmsNu0YCqvnMCLJ13FFgWkwiZq
2025-07-07 08:13:09 | __main__ | DEBUG | 1199 | z82mvt7WSLCkU60LPsvNpPHs1YZ7brxY6ADFgtqutr5RNUQ0TjLuBkNeljgA
2025-07-07 08:13:09 | __main__ | DEBUG | 1200 | v8nZaZAirOYAIgdE6kMA4uY3sTH3agx0yNSaRGRaaMS3BbHcu44Sn16oEUno
2025-07-07 08:13:09 | __main__ | DEBUG | 1201 | 7tXbAvfhZXAf1Uz9Erc9ejVi5CWs6oHqJ5rrG5s4ugPcA7NUShGNJKzOkDG3
2025-07-07 08:13:09 | __main__ | DEBUG | 1202 | 1TDfAQmtXeN5D9BKlCGAGCHTPF1zdmFOPM4kt5U7EDA9yP3CxFUF2dNES30k
2025-07-07 08:13:09 | __main__ | DEBUG | 1203 | Yy2k3yYe44VgBAHUZZaUeg19ygtHmnZ3mEnvS6ovTdFzVWI0LPwd8IKLEVno
2025-07-07 08:13:09 | __main__ | DEBUG | 1204 | WxCMGD9no933I44KKbY11OsbZO1lipD2yzdMlVgyeyH5u7sBNzoBmrRKlSG9
2025-07-07 08:13:09 | __main__ | DEBUG | 1205 | h6zNPnRJMXX3YCxM8MV43qIT7OSqOgbA93SCDLP1NNbrNgAJIq3vVHqsqY1S
2025-07-07 08:13:09 | __main__ | DEBUG | 1206 | 1tTOXGATkjCuP6ezqTlrTVHGZqmnz0iTZsBveyx5D5kvNFXeIJ4lEYqNNJZR
2025-07-07 08:13:09 | __main__ | DEBUG | 1207 | okEqVluJfnKHtLKGfvk65bIC8mC87jER5jXkUuTuo8OFouNTwrxpEpZEDZzO
2025-07-07 08:13:09 | __main__ | DEBUG | 1208 | 2GNHljYfSN03BCWwncRXNHO81Rx5SycV2qEvdx2Uu75RHnInlmpPuGcmfb8I
2025-07-07 08:13:09 | __main__ | DEBUG | 1209 | Vmlb9NoZNEoox9UHqERvW0gtDtcFTA0Gr4NGlFEzc4WKG5FConSXFXpvzLrs
2025-07-07 08:13:09 | __main__ | DEBUG | 1210 | Rn9iNTZh1IYvYBTUvEEXvgPOxr93fVI5Axz5Ro2faUUhzzFNRWZyYl9ikll6
2025-07-07 08:13:09 | __main__ | DEBUG | 1211 | j71LG9ZqBcR0m0SS7nR5W1imq7yGvmJMgwf9S5sw05xDhtKkGMiJctpQ2hQZ
2025-07-07 08:13:09 | __main__ | DEBUG | 1212 | CltiE4uUePjZczV41XqNch0opvCYFUnYrWWIjP41z0WM9qUzcnVabo2qeljT
2025-07-07 08:13:09 | __main__ | DEBUG | 1213 | WbChvVl3CSPPCDw7i78ZuDFDciAmro4yv91oXuDKlJchsrhzacqQTM3ANzCB
2025-07-07 08:13:09 | __main__ | DEBUG | 1214 | 1EJpfN2Fl9QowHTr7Jc0cgvs8S2fYpUg2zyMoZpteYoyDJbRsXgLUB7djekY
2025-07-07 08:13:09 | __main__ | DEBUG | 1215 | La0iKTkNBC5rthBTsF2sVOvFEiKVfvzHSCo9jqpSgOHovlgfSniz0iurGog4
2025-07-07 08:13:09 | __main__ | DEBUG | 1216 | imZFZH46YyHBbPeUfACuvooKhk9jVzYWiASiw7ecMYI4Jee3fPncai3UtCUa
2025-07-07 08:13:09 | __main__ | DEBUG | 1217 | TOAKNHap7QXOqbz7IUxJQfAO81LCNbxKl8xHE29m9qa6gqQJVDEnLCS4tH9s
2025-07-07 08:13:09 | __main__ | DEBUG | 1218 | RzM2HLw9ghMDlW6QBJhKJWkD814Q0ydTkY6W9sI7EPTpYj8ikJgA8KGHaLbA
2025-07-07 08:13:09 | __main__ | DEBUG | 1219 | SnvF2IhLsBp9OAekWxGNNXpV49nXn7rKGU47mxU8UPZJcsEkOjq3U2QEswVh
2025-07-07 08:13:09 | __main__ | DEBUG | 1220 | kJ9OHzks3ldUnytzbHkt2qMPOOqMfTcx7CCPW67IeIK9yjGtwVTvlsxVlVM7
2025-07-07 08:13:09 | __main__ | DEBUG | 1221 | m6owKm1XXGolsDdZTHS8dy9juh6Kg4hEOSvtars5G3Yf08AB4QISylxBBzl0
2025-07-07 08:13:09 | __main__ | DEBUG | 1222 | XkKWlDABjOAxFatEDqT5Smwl5YKnqUVhNU3K0eooU2qb1Ggga6XVHX7TanMX
2025-07-07 08:13:09 | __main__ | DEBUG | 1223 | jyQGDiHNnhAC3hRJNCP8Mr4BjaFVL2o5Xg8ZyvTOimngTKt8iZiqQox6mCya
2025-07-07 08:13:09 | __main__ | DEBUG | 1224 | apTIh5ODH8H0Lwd6VSoNsXKMKd7VdlXVhEhDgCbqN27NyAyhlWtyPd3cIJ3c
2025-07-07 08:13:09 | __main__ | DEBUG | 1225 | RGkJU5cNVAVezlcs4uudYewyTElpgCDqCN9TZjVYKKZP1snFTeQXiYYE7UqD
2025-07-07 08:13:09 | __main__ | DEBUG | 1226 | vvIsHZXJ07mZ7FlDIwPRgwuBkYquLSnW21CpFNs9FiWNsKNmbmZKQ671fd8X
2025-07-07 08:13:09 | __main__ | DEBUG | 1227 | CEVnHkFgeeK7OXn5CjwGMoPMQunTZsxNjLiiJogr3dbIZ0UyzkgdZwLIo0lv
2025-07-07 08:13:09 | __main__ | DEBUG | 1228 | IPspwlEirq8eDp9L0tsjlt1AU1cbxJECH5igSuToI57nKHAOSk7PNlqXK9DR
2025-07-07 08:13:09 | __main__ | DEBUG | 1229 | 4j5X8Q4Z6NtkxfX7mP1j23DRYGeEP2BTz7UhvWOPsAd9vlZPCvPphIcleEDH
2025-07-07 08:13:09 | __main__ | DEBUG | 1230 | sNUar5DvvwZOn3IG85i4rSbD5p14A8289AajoJBx9YNLL9sVxpwd5Gzp2fxX
2025-07-07 08:13:09 | __main__ | DEBUG | 1231 | p1a13AIBSVnBtV0Y38jTMgH6q8hTDc7VHxjGBuwXeXP2JrjjaI7D5oRiyxQ3
2025-07-07 08:13:09 | __main__ | DEBUG | 1232 | VczERTOc94JXF5aIrjuSTtYHL7dPtUMZIezwfgNY92c1yRCiKdTpEc7yHPei
2025-07-07 08:13:09 | __main__ | DEBUG | 1233 | zyKdZcy5OYQApetWd0CeWyiqnDuFKKS8AW6M9bjDM8DjPME8pzwlUcmp28fI
2025-07-07 08:13:09 | __main__ | DEBUG | 1234 | mY4FU449APUB92hvI05pOewrueOEV2YuKTWutbikuPGOtz2YqFDrvTPOCR5n
2025-07-07 08:13:09 | __main__ | DEBUG | 1235 | KC22ptAE2ig4TEOtnFDTGGH24OdAhTEh3gh8TRbitk9tsStREKnz7wggo152
2025-07-07 08:13:09 | __main__ | DEBUG | 1236 | 7uKOfDcuzS62G5wjY9bYpnpsH3UQ7YzitT4CYsWFX7b1CGMNsUH8iJFr8F98
2025-07-07 08:13:09 | __main__ | DEBUG | 1237 | QKcMJjSiPZBkyKBpYEAvDx5gNBdZ8UbszVelL1KGmrsKvgLR0BJBx21FfXZe
2025-07-07 08:13:09 | __main__ | DEBUG | 1238 | AlQ0z0oePPws3nbgzdZ1kFy4V4jkE4x6H2g9wclCqQcQbdGOhtDSnSej1eRu
2025-07-07 08:13:09 | __main__ | DEBUG | 1239 | FlfNzJtyeSTjS9bX73nco2x7xRmELYyeE1sUHq3o72xe6gK2n53rJ6H3dMjH
2025-07-07 08:13:09 | __main__ | DEBUG | 1240 | YKSbVEINm7iTEj9qaUjwuSukmRajJ9TgzsUz0cVsYRTCQDmOiQsfy7r47FDC
2025-07-07 08:13:09 | __main__ | DEBUG | 1241 | SJ3M4u3XEAPzksDNS5Huvfw2y3VClqbLPQCTiswhD2PAkzaAqoTk9a8ondQd
2025-07-07 08:13:09 | __main__ | DEBUG | 1242 | LiyEXRPDdKNQYWDrQOCQh7aAIJ4r1TOTcNKayqk4SIbnJLd9QR0YknvESCqZ
2025-07-07 08:13:09 | __main__ | DEBUG | 1243 | ExLteQ3RX9BhZeHNmegJ8X9DK3lHmkeHgiNNa0gRsQG2ekGEoM2rJ8npFZr0
2025-07-07 08:13:09 | __main__ | DEBUG | 1244 | 1lgdkO3lQQOirhqmfZiT5fKickfskWjNKlXQAypqK9kdb6hFcqTX3a2cQJbc
2025-07-07 08:13:09 | __main__ | DEBUG | 1245 | nuD71AfkHPUFhV5bACQyf6NuOZ91VQetX3GaTjWW1i7yWY2JoMPn3tRK96YS
2025-07-07 08:13:09 | __main__ | DEBUG | 1246 | kzixScrDNLOk63iFxEywjNznIX49K2rICsWjbpqSYYUG6YSMTzENrzm5eup3
2025-07-07 08:13:09 | __main__ | DEBUG | 1247 | XuR0F6iGgN3HLWCeqQrmLCHmPgi1RCJvAsf75IdlbIhbyJFyFyx7FYLIHKJ8
2025-07-07 08:13:09 | __main__ | DEBUG | 1248 | CuOdJi9xpovPnGk9gSZF715hn153Qh2CCs46SaSQUtxdUjtOnqb5Ng4zvtTG
2025-07-07 08:13:09 | __main__ | DEBUG | 1249 | H00SYAhMDk6HYVT4kctKlanJ3t0GFLiDneEqM3E1zPjmXCpfvtkXczrZvzFn
2025-07-07 08:13:09 | __main__ | DEBUG | 1250 | m96HYd9h1EcKEecFu350mlkAgMjZmukuEX3ywK4WFqaKqeE8JHq8VqCYKHzM
2025-07-07 08:13:09 | __main__ | WARNING | Reached 1250 lines
2025-07-07 08:13:09 | __main__ | DEBUG | 1251 | 5QWl1OQh2TLROjMyPPdaIPOIub8TNZfZgy6VjUteUetPMe3jHEbtleHOl6Yv
2025-07-07 08:13:09 | __main__ | DEBUG | 1252 | BWxfOsdKGPSJFry9qFlwMMnEyRV0QJwBPxTw3cD5DT6ArHhQsMaXGG1yFL7Y
2025-07-07 08:13:09 | __main__ | DEBUG | 1253 | Nv85iZ1bTJ31zkzCrm9K8iQ21O7UeqgJbK4Rlgj3sHmLitSc4OqluIZtrQPd
2025-07-07 08:13:09 | __main__ | DEBUG | 1254 | lhxE7reuAg1DS4bAINkhGoMXFqWFqwhhAxVv79i5x3x0xthh3ECVgYF5uiPj
2025-07-07 08:13:09 | __main__ | DEBUG | 1255 | djPcYqeEZcAMWmOjLuNqxs6CeScDymIYRP6sLfzkY1KVb1bwZpjyy5Xpfig4
2025-07-07 08:13:09 | __main__ | DEBUG | 1256 | zIxEVkrOijKK0Q9PhHLeQzD2jSrIYv0zKlv2Tq3Vh69F7oCcnJ4VmUKSmcHK
2025-07-07 08:13:09 | __main__ | DEBUG | 1257 | 7OnTNsWBud23roQI5TJFC5alZuSONtggbSED1MVODAfYtXnLCS5pDMZhwJty
2025-07-07 08:13:09 | __main__ | DEBUG | 1258 | vpBwucBVMj8xhwI3BH1zGv6Rq3rNmJQVXurmXu65WTBcjOO5H6mrvXwxL7Am
2025-07-07 08:13:09 | __main__ | DEBUG | 1259 | DmxToPx4OE3ssb6f37sHQLOz3iOoSl9d918s4hmMCxUxb8BQWfESKcl0TUNM
2025-07-07 08:13:09 | __main__ | DEBUG | 1260 | Kw1LOwsceJwi7xcusBFcaikFHEBtO6XteqgeCtpI5fZeNUrvQsw7gMGUk8u9
2025-07-07 08:13:09 | __main__ | DEBUG | 1261 | 5hxi1xJj6OwUcCWSkcsRLIMMkgDeJW5iQUwEWpCV5pgeFHnhvFSthR61iM4b
2025-07-07 08:13:09 | __main__ | DEBUG | 1262 | HGveeUGdm9VKmhUoGvAKgt5OOnXpl867oZFlW1rjTKRuyEEhvfWHhrGg1k8I
2025-07-07 08:13:09 | __main__ | DEBUG | 1263 | qbGnTNU61H1Bm17xnyAHxXRlmmahyhaGh1jEGZZm9wN497DJ7dA4THP3R1NW
2025-07-07 08:13:09 | __main__ | DEBUG | 1264 | 6z8TH6fXrrvXLAE2ZCC0WArTwxsS0gu1EI7O3nMIhVwDBIXHWoMAlhyDYCga
2025-07-07 08:13:09 | __main__ | DEBUG | 1265 | 1CKx628LH9jhBRM9K9pEgLlmX6kh6sylWVNkLyrIHd2wSvMDkXBzKRWeywad
2025-07-07 08:13:09 | __main__ | DEBUG | 1266 | 8hz3BN22vBJHyyRk4Dhvgl0ZESPvajulfNciPE1Jy9dSo5vzfvlOcSgdfX9F
2025-07-07 08:13:09 | __main__ | DEBUG | 1267 | pvKIR1PuJGXc7rHVWCAvhrmL0E1THu8YTtb1fcDWgjcvCtxY4VQW9fR3Mc5M
2025-07-07 08:13:09 | __main__ | DEBUG | 1268 | SoI3fhPHHy7ZPVZ0FiCCjUQEUsxwyBOLhoNFmDAU2qGCV3Uvs07p150tZlJW
2025-07-07 08:13:09 | __main__ | DEBUG | 1269 | KTOXeqX9UuLnBtBt7yUNtCV7rAtbKIQun1v7y9d2w0dkfkI54PcHDewhoVwr
2025-07-07 08:13:09 | __main__ | DEBUG | 1270 | HbWhBNrcB5klvnIh8pGrEBrPvImmJcS9D3piFGk1SqdJohJkk9CCDBPYecrm
2025-07-07 08:13:09 | __main__ | DEBUG | 1271 | PjzYsmkJ6HrK7vRYTy6TLK7YdHxnwyfqzu1LKWFf2Mw1df1TTSplJEGXqbfs
2025-07-07 08:13:09 | __main__ | DEBUG | 1272 | MgQ1yhv1riIssLx81D971illnWdo98zJjOJnaTLiNMEr4URY9o2seJHXJL2H
2025-07-07 08:13:09 | __main__ | DEBUG | 1273 | MqU3SHPITh37qE5Ia01Dt2PNxoMq7Zdmg1Qbye8heB6Zjs8s93wAdiSxYLmX
2025-07-07 08:13:09 | __main__ | DEBUG | 1274 | TpRM99BWMpRYB1Sy9AbN3YPAhr7mk0Zmu6FrBh8pW3GzMcdG8zmxWa6WdtGj
2025-07-07 08:13:09 | __main__ | DEBUG | 1275 | kbcS5mGU7hYA2Pk9TVe1B8PgFRB8ugZweu4NcxAVLkqVW3oy5AuqyuqOJzkT
2025-07-07 08:13:09 | __main__ | DEBUG | 1276 | 9HJ2SVwrdLM4lbPp5oqZ8GBaNL9vws1DMq1wKZX73zDFZ3afV32rlkqLvVP9
2025-07-07 08:13:09 | __main__ | DEBUG | 1277 | u710uGBcwkHu8wg4yAilIuIT8KYYGMChqK742ZVjJOCYmXg9XhKOjYwmQoVC
2025-07-07 08:13:09 | __main__ | DEBUG | 1278 | Rd2RMDfPffvOKUyjMabz9k9KvIrBFxNjEf4tSqOAOPK2F2TrqWuqPR04mWcg
2025-07-07 08:13:09 | __main__ | DEBUG | 1279 | xvGCycS7vtpKcd4BNzSOBjwXSTFvLLa3okQwxlUQbqRjoJFD4wT1oJiarw1R
2025-07-07 08:13:09 | __main__ | DEBUG | 1280 | 1UCSf9ZZpxww2Ya2ZScfyqEAskP5gZvLEr2lmjR3FMcRLcS8yOd7M1ZxGzGE
2025-07-07 08:13:09 | __main__ | DEBUG | 1281 | 0aHn20PAffkXvcfXiBnGBFq6o0JXdog5HZx4Duq0jUKBdoJXaiXDVRasdUDY
2025-07-07 08:13:09 | __main__ | DEBUG | 1282 | 6wRgYreHcgGy0WwwDwJfgUion2lUsTTZSDGH2UKD326rolF9gkBdIrHZRU8C
2025-07-07 08:13:09 | __main__ | DEBUG | 1283 | 6q7RQRoJxnKqrvUduDZcO3A4CJMOl6A7VhUedBrrpwdVKrDaDm61jSXHlBHS
2025-07-07 08:13:09 | __main__ | DEBUG | 1284 | b6kflnYtVJfoAAJnWvqlLQasP0ab85rjofFBiQuw3HrnYXEXOHBje29dOjFc
2025-07-07 08:13:09 | __main__ | DEBUG | 1285 | bJ2HS9gjgeJ0mL62fUDDUvYwEKI95VWQ3ZaTHW20LR4EakT62ppk7bFnBa4m
2025-07-07 08:13:09 | __main__ | DEBUG | 1286 | VLaMz2EQccmXJYhwomhPyymy84IH1EttwiT6iAIPXiize98AMpGhOiR3UYa4
2025-07-07 08:13:09 | __main__ | DEBUG | 1287 | X1Ox2Liv4vUQULPkjXp4ZDWH5IaUS7ZEp3FnACUykHigeVXZONseoCdhNCHA
2025-07-07 08:13:09 | __main__ | DEBUG | 1288 | umsNLcq0pM3z3LE2np6DuCV5KXDhVqTHFlWTVde83b6sLcMXdztF90SKBRse
2025-07-07 08:13:09 | __main__ | DEBUG | 1289 | jUaQUF0OdSfKMyCU6IdNV0eu1TYhjpEPXlSQUs53IP7pVYtcd38cmS4q6Mdu
2025-07-07 08:13:09 | __main__ | DEBUG | 1290 | 0I5yAfLzBCNkxhXoLlPCD2z1O7w0e9IPBdJ5HO1QL3J3PBJws5z3DOKsJVh4
2025-07-07 08:13:09 | __main__ | DEBUG | 1291 | S5N2tWuiJCTX7sKlVMT8cMKpFBov5OyXQC8bsySX3Uu87XtOZywdjhdhKJD1
2025-07-07 08:13:09 | __main__ | DEBUG | 1292 | It4IVqaPIbTb3g4kNqJH3EKfNyuR3pEzThOOYOW1fqwXGvbLgWgIoxVo9sDj
2025-07-07 08:13:09 | __main__ | DEBUG | 1293 | JEYNdSqiS80Fmro3piS1iMLD08gm3RHHjJ1flS1nHMni30iohWh1Jr6J3S6v
2025-07-07 08:13:09 | __main__ | DEBUG | 1294 | E1hn02iz9Yt0Nhy2zfDQan2bowDP7E7cFwP5QHRz6BUOkv9GykMQldw9fJxL
2025-07-07 08:13:09 | __main__ | DEBUG | 1295 | nfRtJR6I7bDRrZlLBpP646dEA2KmN1m52AkfzTviNMe2h6nvaoYppqyZR1nH
2025-07-07 08:13:09 | __main__ | DEBUG | 1296 | 9oAuRLr7Van8zowoVHJtCKvqVSmD6RLjpX5ohoVxzMysMpRsTSe38UyqZgjC
2025-07-07 08:13:09 | __main__ | DEBUG | 1297 | yZLojBUHUsJuk42wA2FAxmMxA7RSSq8npqIvcBqGJXPyeHRS5KuWmoWIZAUQ
2025-07-07 08:13:09 | __main__ | DEBUG | 1298 | UveuW0rX5PfFgcrzyHRZtIpvPk2JxLW5uB6XrCJhTm9nBoMY4TpDpzOR7Spz
2025-07-07 08:13:09 | __main__ | DEBUG | 1299 | DeaFQlNrMXyqgCM6HUlWXcBlqBXaQdXmkRHOSWYe5ibsdLjmIQ9VRIZq6paC
2025-07-07 08:13:09 | __main__ | DEBUG | 1300 | dOwx6SIp8EeJ4oryDUfbJMJeMv6ChiRPwCFXCXMCn9X8hFj1CpBmlNsF4IFZ
2025-07-07 08:13:09 | __main__ | DEBUG | 1301 | ggKevHZKRAuzI4Rbkbue3nRLhpDGKecyMnZMgJDAICsasW13mvrHv167fTNO
2025-07-07 08:13:09 | __main__ | DEBUG | 1302 | tRPnXWA5qECn3WreuF6FO8emoywF1TKrgQE4tbm8QmUWzd7U0dHGzLNnGshd
2025-07-07 08:13:09 | __main__ | DEBUG | 1303 | mfqBNVnRWVpTEwxjqloMTqwRRImUqa7s1iyXnHSJPmQTEWzYZfsx2rfL7apl
2025-07-07 08:13:09 | __main__ | DEBUG | 1304 | gerskkhdggFSMqfC2ZTbL26kWVv8IrWcG1eiGhuWYtqlfSBnQXanXP6PHacf
2025-07-07 08:13:09 | __main__ | DEBUG | 1305 | cc8GsbgKnkTmfWsF7hktWZnLfkSJlbuEzXCfaRo2zrUkiir7X4zlBelf45dz
2025-07-07 08:13:09 | __main__ | DEBUG | 1306 | 33BZJA96GVWG4VGEo4l6yIedyVzZ02ja5c1v9K8CxVYSdsfTvunFIYt0JskZ
2025-07-07 08:13:09 | __main__ | DEBUG | 1307 | CDMI7uRrmXAUm98Vp96S1cxbNQRwtBCUXVqgxxA2K0j4Qjf79czOAnxqv3QL
2025-07-07 08:13:09 | __main__ | DEBUG | 1308 | ejlvtc27lfAwF9mv4i2kRp3eWfR4DXu5XUyeh99G9ZnHpgqDnVtOYs6hsfCv
2025-07-07 08:13:09 | __main__ | DEBUG | 1309 | FbE34Hva2AJg9Le6jHDLOHdTkWjtITgWfJeqjOHikQdC5IU1E1UiycXeHCNT
2025-07-07 08:13:09 | __main__ | DEBUG | 1310 | MrHgtpnFUSZMPmN7BTtOa8zST8vy0ib5zHj8mGxyfOKi9cRDA2Q5gN6AxiNu
2025-07-07 08:13:09 | __main__ | DEBUG | 1311 | n0zz3RomduhkuabRExMShkAxgTlTIpgMnfVmuRs4alOOSQN3bIf7dkJCAE2K
2025-07-07 08:13:09 | __main__ | DEBUG | 1312 | mKzMyFYYNjm432HU71S3I5CAwm5pwO9k2J0yYHI8ckWrL1iBkTnAvSb5sgD2
2025-07-07 08:13:09 | __main__ | DEBUG | 1313 | MHJhXsMUFOV77Z6YAgjzQuB0MRXwkckMBLWCSpTmMoS1bcPhClxtbBt4iR73
2025-07-07 08:13:09 | __main__ | DEBUG | 1314 | t9mi6PDr2WHj24oaJAAQ6qyPYmc3283gxGlSz3TZqjldlJN0Q7mKpu2pmEx5
2025-07-07 08:13:09 | __main__ | DEBUG | 1315 | dDMbaGfEvF3QjokS20OGhCZvw3N1xHdmWa990UvXhPN8wV5fpwMvx6UQ3BvB
2025-07-07 08:13:09 | __main__ | DEBUG | 1316 | quY7zto1vhKyb0XVioNrMuPHZHDiKAzH2vwTw5pT5hW7oAHw9pD5VWmTEbXI
2025-07-07 08:13:09 | __main__ | DEBUG | 1317 | c7Yi20mD0KLiLlSJxdSF61cQPSadiA0ByX8apoZLIvvzuS4cSV6Y80oXXKHd
2025-07-07 08:13:09 | __main__ | DEBUG | 1318 | DWH70DN1mLwHPhIrR9lbw0UJq9ItR9NNpCziHQVwIGtTScdhCOgJONl3idSf
2025-07-07 08:13:09 | __main__ | DEBUG | 1319 | qAoXxaH2xuMHQYC26yTN6A6R6YjQ9nFM05mKaFWoq9G3E7bTQRXnYTMOpkeR
2025-07-07 08:13:09 | __main__ | DEBUG | 1320 | 0a5mrnEVJEFISonfQJdSjk2bNaW9PV1SopMazW18CcO10wZrrzKOeDpqkYnl
2025-07-07 08:13:09 | __main__ | DEBUG | 1321 | XTo1ZGes3LpKBpvW0C3Gm09Owlv3v8JkX06S9IudNkjNn17x4pJRnmVbIQIe
2025-07-07 08:13:09 | __main__ | DEBUG | 1322 | 3uEeU3qRYdGzXQu6c6elq2a4ZZzWVbHbhzk8DQTdJKJGyNcOO6PzelJtb29D
2025-07-07 08:13:09 | __main__ | DEBUG | 1323 | k6VTvmUbqkBwo7Hk1F9s2LWkoSuxUJeQ1wuWUOOk4puTkBQ9aZmWGUokYNcT
2025-07-07 08:13:09 | __main__ | DEBUG | 1324 | Kuf3sz3B0opQSe4zWGVnY1hxmyi8xWoJif12TRN707PqysrL0MN4a7nkNxUN
2025-07-07 08:13:09 | __main__ | DEBUG | 1325 | XlyTuyHVlxABtais0tL4bgZWXdTzDnmhTX45KWG2dcxD4BX3TmmY8iyUO13Z
2025-07-07 08:13:09 | __main__ | DEBUG | 1326 | WMLhGrEaTLx28QKl5O4T7bZBsNthW5cFtyFm1eYu2wOF2o6xrXoAuLMMfGHB
2025-07-07 08:13:09 | __main__ | DEBUG | 1327 | o5hCamGw8TAgqLvxlwGPKAZDqBk7AddzRkjAfoQHCMZOLNJ9EkCGSFTlIbzt
2025-07-07 08:13:09 | __main__ | DEBUG | 1328 | ZfuryH5TCVLZXSvGGBjtDuzJshIAA20jkzQXNji3lyhiJt2pizYb0Ajbfy40
2025-07-07 08:13:09 | __main__ | DEBUG | 1329 | yClQp9T0ASImAXgcnhQPCnlrAiB3Zp1hi6rcQ4Gj0Iy4rSOVzLV22b1Y860F
2025-07-07 08:13:09 | __main__ | DEBUG | 1330 | yKwKG64XHkaf5tqSeAkH9tfT6FqHrDShImZ2HVF9HpkCLmCfenViNzsE342j
2025-07-07 08:13:09 | __main__ | DEBUG | 1331 | ngwyhjbluv1n6k0OZ14dbdcyPFDQIGMXJP3jg1pXB13qggbGvRQEq0xiayai
2025-07-07 08:13:09 | __main__ | DEBUG | 1332 | t3MOzQAYgodsQVZePRaqzPrlOLOKRChlGphzYdD1dzV0Nl7UK2BX6CM94KNH
2025-07-07 08:13:09 | __main__ | DEBUG | 1333 | dXyr1T3C0TCGLqYSWbhwy5JdDuu3YPvLeX0Fjnpj6FhSMcuoxi7u5jNpGrQk
2025-07-07 08:13:09 | __main__ | DEBUG | 1334 | 2mZVmWkiZYwwqgot6kS7dzIHKWzRDDOlQ2EEvaVfNpieKRL0ADH1Mh8olwnC
2025-07-07 08:13:09 | __main__ | DEBUG | 1335 | nHjFfFDhkrt9u7803obI7n2o9ZytoQeqT2tFcHG5O5eEtDXMpJwPfCjkkKgc
2025-07-07 08:13:09 | __main__ | DEBUG | 1336 | hzWZtxFCGF9qb4WExOPvv1aBw56tJPtPb9131rRkvRc47CGOfCsDW8udLmka
2025-07-07 08:13:09 | __main__ | DEBUG | 1337 | lek5b97kXyVL2UYoMO9kVKubbSQYHXOR4Lyr5H16Ozd85hVj7A65HhyjABtn
2025-07-07 08:13:09 | __main__ | DEBUG | 1338 | tQDLgATd5rIxssg1VBGlwrJDqt4iIdfD9owahAk49hdpaaMrYVO3c4qRH1Gu
2025-07-07 08:13:09 | __main__ | DEBUG | 1339 | 0ogIjXqA2jwC7o7YjT6uLapkepUcVVs6uHSkusMiAI3FIvYxcZivikkR6Est
2025-07-07 08:13:09 | __main__ | DEBUG | 1340 | ceNY69yZnvCpSjT2TIVZnD1NXJLj7UmcKl8WUOIcXcydH8Kjy2HBA6bIMRwj
2025-07-07 08:13:09 | __main__ | DEBUG | 1341 | 7QECpOwM4AKGuovQnruISb1gDvbd6LSmHSC3OmDgJWAywQ9DTq0tuQFmh5vi
2025-07-07 08:13:09 | __main__ | DEBUG | 1342 | HejazkUzDWEesgPCsmnSNIdNucq2IMiZc4P466pc1BXczVEqiS0RgkiG0SGt
2025-07-07 08:13:09 | __main__ | DEBUG | 1343 | s7lPEOEC8NwRvDVbuYRXWFMohqZtLlXkxvg5J2UMfCfkTl4P3RQKM2u7zO53
2025-07-07 08:13:09 | __main__ | DEBUG | 1344 | Rf3O5YZh0r4EJzMEN5xCKje8kJaYTas90hM9sXoMakUNCSJYh1viFjyZdLpM
2025-07-07 08:13:09 | __main__ | DEBUG | 1345 | zb5BaHB5QHHtkhyNH8ZbbbIhaDhQrqE9StgYwMXX5fDERZ5LTjuabLr1rhre
2025-07-07 08:13:09 | __main__ | DEBUG | 1346 | eQnridHrF7P5yN1thNgQZ4p5vBNqDkm6eaW2Dng5WMXxDGm16PWGqjb2vRGy
2025-07-07 08:13:09 | __main__ | DEBUG | 1347 | N2JP3prLjwUgWQix7SPwsrKf55YEfbEXIlF8s45kHllXTR9A6Dy3OSRtRkTn
2025-07-07 08:13:09 | __main__ | DEBUG | 1348 | bx2A8BKVGRlNOxdGdkKA6T6p8Kp4Pvr8Cs6u4L72wsOq9ctJSM3Ebp08CCHF
2025-07-07 08:13:09 | __main__ | DEBUG | 1349 | BV5u8Z5rGJUYF2588XOdJ7VB25g0TN2taybk7tFEmdvYhfavj7uWPioJuKvb
2025-07-07 08:13:09 | __main__ | DEBUG | 1350 | RWhY173wLAyH349RJZOcsAQyCB42hAqB1DZzxEDgbPmTyCsYlDZVyyj2O6Ct
2025-07-07 08:13:09 | __main__ | DEBUG | 1351 | Qbr9XpqDLGGLt3bdfnuCfxkh4rRqsw5OIgkRUX6Q7dIvkb3NKaQ8pumSDKBx
2025-07-07 08:13:09 | __main__ | DEBUG | 1352 | twz0QcLF59vybaTrEcFbFVFIL9YJDYsvswDgAVj4MwSdJc16QyrkuqVJiwsw
2025-07-07 08:13:09 | __main__ | DEBUG | 1353 | v9pulWvvLLGchcxBntjs0JGAEHFQhIS0imxrwWx9HxsJGdHyR9l2n3bu9koS
2025-07-07 08:13:09 | __main__ | DEBUG | 1354 | q9x4XcSvxq7JGpKW04BVFV5UkhyoTO6FfPVsH8PiB1ODcVqiJJA5f7aiapI7
2025-07-07 08:13:09 | __main__ | DEBUG | 1355 | THoOCP1QaZx5h6gQEf4vsqWwG1XQKZEwDQzTO5UwiFHJRwLlz1omL8BxONsO
2025-07-07 08:13:09 | __main__ | DEBUG | 1356 | 9cZoaZ3UHYQWBj2MltIp2HNDi3UdCdAKsr5HGaa7Yi8RB5kWvo1WMAvTR472
2025-07-07 08:13:09 | __main__ | DEBUG | 1357 | Kq6i43D5FafneGSEAMb53Dif8mJlsWWQyqjFpVYOxQj8MXFBwf2vg1GyIZ2g
2025-07-07 08:13:09 | __main__ | DEBUG | 1358 | ZUfAGWgaTi6owf6uk3J8iteHUOkWluETY4kcmia0UKGxxyWV1w9aPbdo0Que
2025-07-07 08:13:09 | __main__ | DEBUG | 1359 | lzi4ApwygM3vRbcnkxnAk391A1pjscnWk4hRt1UfimzRH8TU07KPufImDapm
2025-07-07 08:13:09 | __main__ | DEBUG | 1360 | KqlkvtlHa9CmwLmUvaCOf8CNNiDboWnU3HodloAwcQgPOVpXYtnoJ8TVJirt
2025-07-07 08:13:09 | __main__ | DEBUG | 1361 | 5EOsBUfbRidpe5G9xyYG3ElK0uDNVVEk9dXn6hotLqUr4zQHuz2iMM3RN1CC
2025-07-07 08:13:09 | __main__ | DEBUG | 1362 | 7JZFOlgo1bu9v8AIOM74s42larLayYWiY1pAbSuyFiWyQNtjlJ0JoAW6uvq6
2025-07-07 08:13:09 | __main__ | DEBUG | 1363 | DWzVtIxiKkanyCxsoTjXuvXJocx5BajP1kqX3pIFFn8vpeVhzTrQumfLqEol
2025-07-07 08:13:09 | __main__ | DEBUG | 1364 | da0pvEPH8D0P8ZsCI0GtEJpny5B6g7qTgmNW6pYKZw8xDaS84rwv6yINOeDl
2025-07-07 08:13:09 | __main__ | DEBUG | 1365 | H8cxYcSWr7LjQbdMHAZPd8lHaZ1gHVE9jFAXPcpsDRqTQwjLhCxokuULnW4x
2025-07-07 08:13:09 | __main__ | DEBUG | 1366 | KinkNy40BS9HwiBXmniwQ2ElAurPYBlILz1GwUiWFRDUGbdFaBCGCEOw0G23
2025-07-07 08:13:09 | __main__ | DEBUG | 1367 | CdZYMueTl8kWGS6zADdBuZGUMj7srJmOkIovn2K1rLejj7X97blfD4ugChtv
2025-07-07 08:13:09 | __main__ | DEBUG | 1368 | JHeVjuHmv1RRn8mqOyDnggQcuO8ntGgc4Y0CiGNV0sGSAx7kd5BybPhvDAxv
2025-07-07 08:13:09 | __main__ | DEBUG | 1369 | K1yHD5EHVpNDkRoBzARSdrYNnlrnOFELmBGtcnXcOxQZNyZw0UfqMpjk77hL
2025-07-07 08:13:09 | __main__ | DEBUG | 1370 | qD6x9y9nKcyws5v2sWcrxdT7xU7KCezpqgYoURu5wi5KI3qVm4HkcxuNnMIw
2025-07-07 08:13:09 | __main__ | DEBUG | 1371 | y19Hvx2UuNpqadvqgpXnMSPsYjXaMDPTNB2CX6C30XtufAdzaHXAdGdZniZF
2025-07-07 08:13:09 | __main__ | DEBUG | 1372 | VLA6HkOMjDgxfXSGc7fYsNf6qNPTJ0ONtANsNTJBwOBsDmSTeGFlKOdsx8fF
2025-07-07 08:13:09 | __main__ | DEBUG | 1373 | ZRH6dHGiwsZ6HU9nfqJnKu0shauvOFAV9S7UTSI1x4HvjmCPHPolUEhXGCDe
2025-07-07 08:13:09 | __main__ | DEBUG | 1374 | qPQixh6NhJDDt4no23HHh8TzYEHbAcIzPHRBMW6AuIyW83SDoiTfjeEFJp7C
2025-07-07 08:13:09 | __main__ | DEBUG | 1375 | Jt4Cu0Jh8k9TyOckxSn6ZJHNIvgR5Vj8vJTLhtxoHg3loibkqup1ztXtqK7H
2025-07-07 08:13:09 | __main__ | DEBUG | 1376 | uWpUWLeAgAY11vpIuLR1G6543zEFobzCsKdVVVJ5UfxTfL5m6iD00Nb3qBtm
2025-07-07 08:13:09 | __main__ | DEBUG | 1377 | 0xZUq4TfHhXRqn2uvq0EXGKieNBgFwLDwxbHEvgme02xwzSBRJzAJqTnN9de
2025-07-07 08:13:09 | __main__ | DEBUG | 1378 | s1XJKnB3ZY0crHx0j8oMzJ10Ti8A6cDVjhFsDGKQeQ2DUxOXlHntfkme10O1
2025-07-07 08:13:09 | __main__ | DEBUG | 1379 | uAszT9i1VGLo7YlJ328ZJIKHzcc8Z1TXbsUC7n516UXpsDwrY7t7dgxKmXmj
2025-07-07 08:13:09 | __main__ | DEBUG | 1380 | g9tEttElxmrlcjVeyXd6Sr1fWbQ2YXolKkJCJNDeGgh8n2tccHi0gRNfZmua
2025-07-07 08:13:09 | __main__ | DEBUG | 1381 | QTsGDeZfhTeN9vJEwSPNN0DOc838hOyrLZhhLCOuRLzV27DNdvGAw8aMXi2k
2025-07-07 08:13:09 | __main__ | DEBUG | 1382 | XUFMa0XiUkJsucmoRmQ6kLK4rWGlxUUvkPs6LDc5vNJJsecBdddRyRDiIdlp
2025-07-07 08:13:09 | __main__ | DEBUG | 1383 | yZkni8d4gS27hS66GjkznlDxXDEA1aaIy90tweJz2I9LGjcdNyAru4wz9lhN
2025-07-07 08:13:09 | __main__ | DEBUG | 1384 | SYpme3qiiX2LT4lAesnDrTqhlCrFnnmqpYrD4QCyPlZl5wLXv0R6hf8Io3zL
2025-07-07 08:13:09 | __main__ | DEBUG | 1385 | zB4b5XSNxaQohVoMrepsWAQoipwxW5j48lkImGyRO5nuEszAi98CK4O0QkzI
2025-07-07 08:13:09 | __main__ | DEBUG | 1386 | mkuo9bPtWkSjKqz6RhBB5vZNaT5VHG7sCGhEHwGoAtrHeBQTDV8Rhac5Cjc1
2025-07-07 08:13:09 | __main__ | DEBUG | 1387 | xYemx8AfRvlQv6Jq1Eib3YUB6w4xIHSj8mQrORipWxpswtVuYWwcI9FPdGax
2025-07-07 08:13:09 | __main__ | DEBUG | 1388 | 0GdrVfda6nQIYvnMxsXjv7ivg5cy9UJXfHDehyiXoYIDadcYDFJCJZrOzQz5
2025-07-07 08:13:09 | __main__ | DEBUG | 1389 | IKVQWLYfm8lIMFFRrDom114k1ec3ouf60fp1M1OJic3oHHLmx0O91s0sD6Ac
2025-07-07 08:13:09 | __main__ | DEBUG | 1390 | uKmQJVH06wErCioc1gDAcKJ7YhktomoH4N6hekx7u0vDLFUGv5JcJGA6OUSk
2025-07-07 08:13:09 | __main__ | DEBUG | 1391 | VoGFbElR601ZBtk61W1A8JCAlLjmEJrzOhbmbKdYeASvyt8M5npEZRW1P11m
2025-07-07 08:13:09 | __main__ | DEBUG | 1392 | SXXgfzP97AQ5MUpatEa6LMG34qQqbetTIgzsfl1ei9eQu8ZclfNg5NKApAme
2025-07-07 08:13:09 | __main__ | DEBUG | 1393 | WP5qxMBTaBo7zsKqABnjUnB7mrzRfPvwnUI8GziWWKNRLBgJPCf9xlpKjIuA
2025-07-07 08:13:09 | __main__ | DEBUG | 1394 | tKyvHaAQCxKPCL0dA5TrzHFfVMzSn6zQs721TIgNUqbIOXfiJ14kjZWZZLOD
2025-07-07 08:13:09 | __main__ | DEBUG | 1395 | toWaaeO8M1ms1Ic1FhIDbkVhrIsf2h8azcYPwj0U2Itv2yQe6kOKwC5FCSGN
2025-07-07 08:13:09 | __main__ | DEBUG | 1396 | lpTaalOrrnVCsdRWMrPXEzKdeyGB1KTQoZ4noHag0WVzmSB3Uxlfyb2iTV72
2025-07-07 08:13:09 | __main__ | DEBUG | 1397 | SJQdNxEb68WpBAVlWWPlIYoxfoJkDTFkgaEpD1VNSxjq1ZabVdUvoKN7kEEk
2025-07-07 08:13:09 | __main__ | DEBUG | 1398 | LovijvJEDsjYgXcfRLpYlTk7N89dmV9YHk1Q4Vy16OyBChwybBAREu73yFLJ
2025-07-07 08:13:09 | __main__ | DEBUG | 1399 | QwQCjhMOS2BtZrRvxTk8EsEpQUoYpxaxsUmo8sJe3E381ajJ4ymeBuwrCTTV
2025-07-07 08:13:09 | __main__ | DEBUG | 1400 | DO4LYdFBD6XPccKJYYaaNfNsdhjZXrp7iKd498dYpqoncflwYN8E36YsMene
2025-07-07 08:13:09 | __main__ | DEBUG | 1401 | ukBLfiaCEm3V3xRWLq88AV396IQaByDaeIGgPfIn8EbA5dZadGeC1QrB2qqk
2025-07-07 08:13:09 | __main__ | DEBUG | 1402 | 9hnbhsq1nOTOvdkRWBJOOoMIaIxpWRmJgbZ7WIReVHoqIw3EJXXOZyGS5jwB
2025-07-07 08:13:09 | __main__ | DEBUG | 1403 | vFk9v9fuFpy9S3Wz8aPvBsVoJhfRTWJ55PV1X1vwi8NBsGIPr1tAk5091SEB
2025-07-07 08:13:09 | __main__ | DEBUG | 1404 | n7tBNObhOGhxX3lwbOq8X8rRpjbqu1oKWWVnXM59wnPEF8uCDgtJwSU9rslc
2025-07-07 08:13:09 | __main__ | DEBUG | 1405 | 3VT6ymmRPoe0y3uGVSAibWEO8k7FOISaSYkZ0mVkgIZaDIBmq7Gh04rNj7X8
2025-07-07 08:13:09 | __main__ | DEBUG | 1406 | vM82SMi1vAapDgViG9d1BsRegmapdmgrq3wVg2hK1YoQqObJpaLh8O68A2Af
2025-07-07 08:13:09 | __main__ | DEBUG | 1407 | KWqPEFutLte1SVNYZ5Loy6pMZjbAfMk3UTmNKEuPXZXp3aVuEOARRpDlhpLg
2025-07-07 08:13:09 | __main__ | DEBUG | 1408 | AzKg9F3H0fp641etzR1iDnm2VafbO1WUORiOggx4hi7ax7zSDuGDp431TIFi
2025-07-07 08:13:09 | __main__ | DEBUG | 1409 | KGda8CiXX9LWMy2pZ89SXOaVj0EDQ7Wul8oqlyypJjgtUfGbrqpuIeyjIS0O
2025-07-07 08:13:09 | __main__ | DEBUG | 1410 | h1XOED0ujGfFS35GdGMA4x3BuyywGw15ZjY7ZIatpnXB3SCnj3PgfzDEpm3A
2025-07-07 08:13:09 | __main__ | DEBUG | 1411 | zprnYyGVDdgHW7FI2epRKlvCvQKMVDRQaT7hnz8PCnj154iTSpJzaDCaOBcF
2025-07-07 08:13:09 | __main__ | DEBUG | 1412 | kWgHSobRakXuojEp5pts3fK7sxxSXsvLNbne7PFjH5BTWarbXDo74kU72ZUj
2025-07-07 08:13:09 | __main__ | DEBUG | 1413 | ZbNnzeEpSCliQGaD8pn1EQfNpBMIoDOlpfsFfpj6VC9QdMOLiCVeTd0Tmh01
2025-07-07 08:13:09 | __main__ | DEBUG | 1414 | yIzzsFOfbXCjGmlgGd1WZQwpeaSWoGiemcvqCNDioAhAbGd3dsslGmmtxWAl
2025-07-07 08:13:09 | __main__ | DEBUG | 1415 | uZizcEO7CaBImF7mV7xdcrCCwLKqfzHe4EJzt4UOmCsd78jRG6g1r3kokLQS
2025-07-07 08:13:09 | __main__ | DEBUG | 1416 | Ikmp1fujow01IZ6nxWY4Nu3Y6K3NrzMRzCgyykAs6Nrhx457KFUAHiQt4Arw
2025-07-07 08:13:09 | __main__ | DEBUG | 1417 | sq9M3YNbGcWsuT2d5dweg7JqlLqY9eOC9UV5bKCQvSu0RFnO62vUeXq1a141
2025-07-07 08:13:09 | __main__ | DEBUG | 1418 | eR1rTSnzWrgzp8uBtnLFi6JYEQmEi3nNeluuQOfywIMfFYJbjT0T668E56nj
2025-07-07 08:13:09 | __main__ | DEBUG | 1419 | n8gEa6DiatVN9nI9HG7RQFWxOHMFyhTwQwmV0W9MzaKfhIZ03QvzzXrufWxC
2025-07-07 08:13:09 | __main__ | DEBUG | 1420 | djXjB7ICSu45GtzanfAjJupWjP6Vvh2opALzPcFVSEcgNBy84Xj2ZqgtKdEC
2025-07-07 08:13:09 | __main__ | DEBUG | 1421 | aocAfLYTMW0Xqqz1azHffglP8NTt1FPIKtlZnZ88MGDbZnmQjR7oxiig4iUe
2025-07-07 08:13:09 | __main__ | DEBUG | 1422 | 8sU5v3YHTMfT4tSQtWpmsUY4TSmidNNY4Ek9JqD6R4NM986oiIamPpuw4jjw
2025-07-07 08:13:09 | __main__ | DEBUG | 1423 | AoOdp79KmjkBv8AD5T15ukyN3Xsc1fcHAqXqoWceAj7tgaiIl2aZ0JNChvnq
2025-07-07 08:13:09 | __main__ | DEBUG | 1424 | uEExy0nEA2DOIuVI8TvASgPCfcOew7hAhrMuaj7M7lEgAktgqV9i6JHVUhQx
2025-07-07 08:13:09 | __main__ | DEBUG | 1425 | 1RrpvbD6E63UBbKXrDzcLnePTIfcFo0ImwPnrVbD9xXyyQWuW1i8qNJtYj8L
2025-07-07 08:13:09 | __main__ | DEBUG | 1426 | sGlEWBCA9BUZ4ELDrKUYRzBpdABQcNPIdY0bFsFxPiEP3okjRcWOWc4rpDkk
2025-07-07 08:13:09 | __main__ | DEBUG | 1427 | sHmWRfOvV58wkjERJbCGftVbTVeXtjFnxCmtuQeHCSwODBtCYZE4nH2yf5zy
2025-07-07 08:13:09 | __main__ | DEBUG | 1428 | vVDYJtZ062YaGBXVhwWjQqnXMaZ7AtlSOUuWNL2lXWnKlhoweqEmIljz5kfj
2025-07-07 08:13:09 | __main__ | DEBUG | 1429 | lxIQC9obXjI2cJb1KsIdrsIJNePEBewOOzbZzhhsfsIOcnBE8xPGAa3HtT4q
2025-07-07 08:13:09 | __main__ | DEBUG | 1430 | HG6PLuzlGFKafflKiBzfmhtV5yFsNZSPkGZW4ItjehjaCfLgJyVgTFgCutBp
2025-07-07 08:13:09 | __main__ | DEBUG | 1431 | 9H7q6DMRd2jOU5H5t6IZmSKIG9qf8U5X0zvH9IxRJUNgQsZ1ELKV6eXYKL9P
2025-07-07 08:13:09 | __main__ | DEBUG | 1432 | CShQyLqEokGIhfcWb8TRkdIa01Y5M5fLs21Bw4BE8vyMDiwncgREinyLxtIe
2025-07-07 08:13:09 | __main__ | DEBUG | 1433 | ldeaaX6Tgm7HC4LS5XSPqUEhdZ6PGp6t9CaBsFTM6timMw0l6NThYxUE9PiD
2025-07-07 08:13:09 | __main__ | DEBUG | 1434 | eRdnjEHaabzLDvLWMqKHHhQGazEpBFCPwGTNpmsNhRqxlOqbakI1Gp6g8dcK
2025-07-07 08:13:09 | __main__ | DEBUG | 1435 | ftkMOU5mRf1zpaPGhi1NjuQeV2tr1oWu59w4l26K7Ho3HJnIv1ET7Crwzjc9
2025-07-07 08:13:09 | __main__ | DEBUG | 1436 | 2q661D5unvVDxJAUfxXZBFOgV1VBYZNF5jn9A4or2V0Zd2QJiPhCh8iUVjkD
2025-07-07 08:13:09 | __main__ | DEBUG | 1437 | gmN7KkeYVgJ7GhZBXbAL1mVcYb5NLv81ezCo9hsI2S1wb4CMSexmZSP40uAN
2025-07-07 08:13:09 | __main__ | DEBUG | 1438 | Er8jQIRN0dDdfPk1oD1HrQMNVl2IWTUfyVaLfECbkMSnuosv0DrJ0fd8FDpS
2025-07-07 08:13:09 | __main__ | DEBUG | 1439 | CBQVRBpto28vJyfgNSX7JcRZ13HVsFy8YsUN8Xk6gB59rcN3TDu8V8x238QQ
2025-07-07 08:13:09 | __main__ | DEBUG | 1440 | 9qsKHvoYc2Oxcxs6sz8Cd5izUzc5TGR4p7sgxD5vmHyYNoP3KL2poGpkwlaM
2025-07-07 08:13:09 | __main__ | DEBUG | 1441 | 561MDFUZgqwpv8tpPYv5Yf1dNsfx2zW2nGIlbANprhDfJ2FfEW8EKAx0Crms
2025-07-07 08:13:09 | __main__ | DEBUG | 1442 | iXfeXn9rRwMkCNpfyD49lKcGzJky6w21jBPVn8krrzEwJDbVFOpvYBaEYkqk
2025-07-07 08:13:09 | __main__ | DEBUG | 1443 | cHg096fseKrrl4oGrXYZj50DUoXSzHRK3Z2uoVjI0pZ5LilFMzGutzdZ5voT
2025-07-07 08:13:09 | __main__ | DEBUG | 1444 | ZJ43K2N3mJxMRhDB6vgvtwRfD0uQx9iln6eimUXYJYdLY7NDPnQtsOtkLAKM
2025-07-07 08:13:09 | __main__ | DEBUG | 1445 | RT27CohJ9lbXprOKA5VNZSTxwIQSX0DYAJFI87OgFePthUY7RdavDNk1zYtF
2025-07-07 08:13:09 | __main__ | DEBUG | 1446 | wO6gPdHNbEsKN9wapQuXWga8gj6DnYKehG7BwW4BKkYG8BhJ17EV6RjtE4VR
2025-07-07 08:13:09 | __main__ | DEBUG | 1447 | PDw6Ts87sxasjb6ovYWoHHVZXK316WyI3Dfcv6e0oBn1VuO3PRM7chDyjdeD
2025-07-07 08:13:09 | __main__ | DEBUG | 1448 | uuBUoMbmPvlXqvM98uI5PTMOTa1g4kphDYMMZg1yWTDitbKB41Q22B1eDm7e
2025-07-07 08:13:09 | __main__ | DEBUG | 1449 | 4ArB4wO6kpE9vGcEmooiJ9pkTqoqw38GAqf1e9dLmWAst41qryewl0rcrGAF
2025-07-07 08:13:09 | __main__ | DEBUG | 1450 | Uh30es3JqcEU8eGYOo3AL8vNyIEyCkXGyxYLYf0oF7uVEz5Xx8pQYnh9LKqS
2025-07-07 08:13:09 | __main__ | DEBUG | 1451 | m1D9waeRTPrp0oqDVWJ8KGyBcKgb7kAbaGNuxmkmOqiyniJObarfDWpnLDZP
2025-07-07 08:13:09 | __main__ | DEBUG | 1452 | HyntTmBOZzub0vvKwS57i2h4PyedJgChfm6dPFMvGAn4ou4ko5RuE2DzrDEY
2025-07-07 08:13:09 | __main__ | DEBUG | 1453 | LUZHPNl37FmlUoKglQHRxjbPo8qRB36eesXnuZw6XLfXec3FjPDPLgaPazOd
2025-07-07 08:13:09 | __main__ | DEBUG | 1454 | 69YfRHSjyFc5LM3HXTm9m10qFe6OWzOY2eSi7YDH2iA5Yqygre8RBN9qtSq7
2025-07-07 08:13:09 | __main__ | DEBUG | 1455 | k0rAPQv8UulxJeD6MkhhcSDoibBlU33inKCvaalVJFcdwFFIuTnhM4zx8HBy
2025-07-07 08:13:09 | __main__ | DEBUG | 1456 | Nl1K0pc09nAKYqeEZJ3aoQWzWnFgFV10say5ecgfbca0VBisJaLULX5lKI93
2025-07-07 08:13:09 | __main__ | DEBUG | 1457 | X64rZtawHeoOWQqIgAOdELPcPzFcnkQaJgKLub9bQWqWj8VTfiNuh3bpl7c7
2025-07-07 08:13:09 | __main__ | DEBUG | 1458 | CQiL5EhE25tFIiXDMMT8efcWbatvNYJ0glyW8NBc1v5EYFJnNaUWm9wcTcpy
2025-07-07 08:13:09 | __main__ | DEBUG | 1459 | HmU5SyKbv4g15WTKKcdW25HrAz4i4iy6J3PeWA9jV3Vonj85JqybKuxvv5LF
2025-07-07 08:13:09 | __main__ | DEBUG | 1460 | ReoVSkFdRDh0uWwLZQbXbbJJoRE1Q3gPQP8jooRio8smEcmQI6PKCrLYD3YZ
2025-07-07 08:13:09 | __main__ | DEBUG | 1461 | ErDLPXO8g8eyuonJqorvL5P67DULIw8IAp01H7cW9Uw02hc6GT29oP9w4qhA
2025-07-07 08:13:09 | __main__ | DEBUG | 1462 | 5spOXNAVGbTbnHfVPhbKgSDDgmm0AJmBtX1xEhSejHb646NCLQ4zxDCPJ5tX
2025-07-07 08:13:09 | __main__ | DEBUG | 1463 | yLQZVCvW6oikVpuL4izCBIuq3o01VdOopGpCwcZtWm5ohVC0nll9HZentscJ
2025-07-07 08:13:09 | __main__ | DEBUG | 1464 | NRdYA9F5VVdgp4ikYMFJAFq3CVgHgMNHdnHPZYi4jmdGUuK3lTVnn6ibSNco
2025-07-07 08:13:09 | __main__ | DEBUG | 1465 | 5E6NjHtUKDrGeYoobOuF90SyN3SeYD6iUIwBeNJIp7iKhXVfhysIihJNMG4R
2025-07-07 08:13:09 | __main__ | DEBUG | 1466 | TSrA1fskzH5W0gBU2pO7UOmQ5kWAOYSevdWBgmolzlpK1dMrF8VKCQEOTuQD
2025-07-07 08:13:09 | __main__ | DEBUG | 1467 | YPLacc4ar2q1yWwOwVO2OKAncxdbo5fmuIs67u93RS7yLy2zS3mMnw7MI7Z7
2025-07-07 08:13:09 | __main__ | DEBUG | 1468 | GzM5YQPTCNdhprio6LuPsz5lnFyglR56FjWEfi9Ic6LvdTirRoTKF4WeHmdh
2025-07-07 08:13:09 | __main__ | DEBUG | 1469 | fUnaaLOmovqiZHvdEnvEb1fpqu7j1o5VrDgiXXjSZ69B0Hih3fXDH96PPqQd
2025-07-07 08:13:09 | __main__ | DEBUG | 1470 | 4e90w2Vgog4fUvvzxld6Pga6aKzTWKZI8lPtnoNEKB19g7kCAdCnbWPJhIZa
2025-07-07 08:13:09 | __main__ | DEBUG | 1471 | BTrNJ0B6XC5ocVk4kOni6aYrMUpBuP4tKIZ13NqeT83is0b21sAg9K4MIKFu
2025-07-07 08:13:09 | __main__ | DEBUG | 1472 | qBN3x4IulBapcyGHSNGloKOCrHQswCjmhGASpTUkzkncya8W6ERH6oSPlJpF
2025-07-07 08:13:09 | __main__ | DEBUG | 1473 | J3FZSFotcnMy84JHBNJuxrhaxMJMO0ndFRzY4CsuGuhV4FJQ8m8KMN6PIHec
2025-07-07 08:13:09 | __main__ | DEBUG | 1474 | zpC51TlbIMwgYSc5VSAwqIEeRMAnZZ0cekutExwE4rzSIS9AjsD5Wq4U3Fy8
2025-07-07 08:13:09 | __main__ | DEBUG | 1475 | UxsMTOC7GYb6otw2WZVhCI5WoIoNFRBKBzUfUmXcrc2986PNLASNfT3H09TF
2025-07-07 08:13:09 | __main__ | DEBUG | 1476 | mGCZDJsj84gvVkrUwrG3pyGqpNmgRPqtE2R0nmrbfy6TSa68gKAZlMxBkvNf
2025-07-07 08:13:09 | __main__ | DEBUG | 1477 | QnW8yD29KhMlyec0ddu9ezKsF9yqODVIddAm5rxHny2jS82mVeclRo859ZzL
2025-07-07 08:13:09 | __main__ | DEBUG | 1478 | XBr08Ooz1RhbVKimTyVzxawSN3wuUIdiMFPWrvpjsl1CW2iQmayWyXqWjhyN
2025-07-07 08:13:09 | __main__ | DEBUG | 1479 | 61NpRYXYTlGImcg4tjUy33ELRZaFjkGDFqT95qc6N8pvfUBxmO43YiJGL4yK
2025-07-07 08:13:09 | __main__ | DEBUG | 1480 | qMV1PGVnbZbo5F13CtPh9sWY0fZZrFpNjCSqIzKH0KUDq5qlRas4g5wrOdeP
2025-07-07 08:13:09 | __main__ | DEBUG | 1481 | Zd2BRv3qDtV9ROSCf22w906MGONrKSuysYYASgfL7QPddMfel64Grz89juV9
2025-07-07 08:13:09 | __main__ | DEBUG | 1482 | WaIW5FryemWcAQwNW2nrDaJCDgxUtySMkAktUf1qIkUjJcpgJ45HJVe7EdHC
2025-07-07 08:13:09 | __main__ | DEBUG | 1483 | LbaBefz7icwpAHrdgGoER4500NSgfWdTPm8Elk0frswtL5CG3Jb2updb0HPv
2025-07-07 08:13:09 | __main__ | DEBUG | 1484 | RRLcRlF2axWmdtaxbgyHAaDwN61K0oiOrswrrSfITHMD1zwL5VsSg1AumUn3
2025-07-07 08:13:09 | __main__ | DEBUG | 1485 | QIzZHlZxXHAs9q7lgVVVz6643izW4RLR30y5TkaUj5gBubucOIpUnfgS9pjZ
2025-07-07 08:13:09 | __main__ | DEBUG | 1486 | hADv7BXad9K93CB35Fs6C3w7TOg9fSo2KlTFkD7Om84Wqk6sh13ngd3PoeaW
2025-07-07 08:13:09 | __main__ | DEBUG | 1487 | pCPdJUzx5f8AVg3ICg1tcvrOa0cRMXlVqUk9habWCW1OP9Qe2EQtQCLIfSzF
2025-07-07 08:13:09 | __main__ | DEBUG | 1488 | FQvXbD6qe9Jba78LMPgHnUql7dqJgyRgW16BOTiWaDWnquGifeGaaXFWtjMH
2025-07-07 08:13:09 | __main__ | DEBUG | 1489 | jz72Xemzkrlb5WycqC55ty0CKKy9R7mvnhFJnBq7NjEdGmIC3oPOO3GVW6sR
2025-07-07 08:13:09 | __main__ | DEBUG | 1490 | nDYCJw3YbdLSMMh6sHRzS2oifYgf3P2mhIEfO7VwA5FXQJ7QxgPBlhg0Mqc4
2025-07-07 08:13:09 | __main__ | DEBUG | 1491 | goVu3HwAosB5nffvv22jOs9XerXgw94JWE2dqyU3D7xUvxbNQHGn3PfIt8iA
2025-07-07 08:13:09 | __main__ | DEBUG | 1492 | 7VTn7f3vKs1BIrtGVfrqwH9IUaHZc48QBsC74X6JqugRycpd45Sgu6QpnJSs
2025-07-07 08:13:09 | __main__ | DEBUG | 1493 | bNLpi32EPJjLdzYoxdEhnetwxzkI2NnfID3zp8RTORD6ujTPe1kYiOCNzkdm
2025-07-07 08:13:09 | __main__ | DEBUG | 1494 | E7xWrs6jYVTmsFKoa8VTprGV4IuR3ijZlAC8Q6I5RMrw1pwVUJrjoiDawwYE
2025-07-07 08:13:09 | __main__ | DEBUG | 1495 | 0ISKmV6ebq03cPZ9WxvoxcqOfGD5DMvRVExnz6JFTihP6ed892bNYsBcm64J
2025-07-07 08:13:09 | __main__ | DEBUG | 1496 | KMg9YHm4X01XOnbwKJDV4kUkFLlhcr1cHiyTsjUV9TSle2VBL1wAOiwAv0HJ
2025-07-07 08:13:09 | __main__ | DEBUG | 1497 | Seqjuzgqci3HlIYy66TTJoBeBKyth7pE2QlZwKCPfg35hrjipObElNPYhhjT
2025-07-07 08:13:09 | __main__ | DEBUG | 1498 | 0996WjmE8kliMDfu41LX1uLVRRvDlz0m7vhJbM5QCSne2MkZDicUP6fgY6Mj
2025-07-07 08:13:09 | __main__ | DEBUG | 1499 | XrZc7R2x3mxhxFWsa87OkZ2jozrY8otbdJ6rwAMXSHJWrNORaBN84qgHDAvQ
2025-07-07 08:13:09 | __main__ | DEBUG | 1500 | an40RtrHBms3Hv4Vg3vZiMyh7ncE0DT9C73aUHpcGH0ZUtNdH2vnt6hgiK9V
2025-07-07 08:13:09 | __main__ | WARNING | Reached 1500 lines
2025-07-07 08:13:09 | __main__ | DEBUG | 1501 | nVozokUAlp70Fjx8JldwHXSMlwU5sw9GVAgjHaPzhifk9WotAMNi9DYa24TW
2025-07-07 08:13:09 | __main__ | DEBUG | 1502 | YPs2AYYglbbMKiAPIgwHwJOmKAjWlcbcEntFfBzSS49QwwPK0zvBlz3ih1hj
2025-07-07 08:13:09 | __main__ | DEBUG | 1503 | Q6f9PnTE9dW6yvuZFciNIWfLCe0POybxhAD6XF3X466bCmxj1DAsZpM8lmZZ
2025-07-07 08:13:09 | __main__ | DEBUG | 1504 | Vj67PbMHwGXLHch431R1wwE9VHCM4HB29aklbnX2sOCyzsD1UMULIDxeRBZl
2025-07-07 08:13:09 | __main__ | DEBUG | 1505 | 201stDbCp6l2QkLTH0ANZZ15wgNUUAnIFPoMMeYqoaDvW7tbLMV8DBeVO176
2025-07-07 08:13:09 | __main__ | DEBUG | 1506 | IRYgxbImvGwctPmVoZZg663V4qScDCQufudlK3SfF7bpVA1xGGr2H9Md8vkm
2025-07-07 08:13:09 | __main__ | DEBUG | 1507 | aiQSrLJMY0cW6rZTf3LD9sWhKFXr2WaUL2tKv2kvmCq3n4NcUVyFWFASBSCc
2025-07-07 08:13:09 | __main__ | DEBUG | 1508 | Y0JFP9DNB1s9ce6WR2SNNJKOFBfsanHcCm7eH9RV2EdrgGybY7MMZyWpGbhv
2025-07-07 08:13:09 | __main__ | DEBUG | 1509 | 9ZJrHAJapS3BfAySRxa5AiqlVzvITHVW1DI9YpNWkhxSLg4UGD460O6ZyuMU
2025-07-07 08:13:09 | __main__ | DEBUG | 1510 | Tl5bc1i2N15BCvTW7Lof438ANKpuoH44t8RCh10vqQtln3uTuEis2BP5Go8p
2025-07-07 08:13:09 | __main__ | DEBUG | 1511 | 5yuxgeGRqotSTxsmIGBFHVX5osbhlnmUlXICXrpkl8ypzKCSCKrY6nd0Eoqr
2025-07-07 08:13:09 | __main__ | DEBUG | 1512 | gvxjY0dhSgYFVgCByaFMRkSgatbFFva3xS6NIVtt1DO6C1VaCJahXgg0NKcQ
2025-07-07 08:13:09 | __main__ | DEBUG | 1513 | Z4EgKuH678RhN8CgQqRJsJduHAGWrbu7e9pZDlA3auzDjt10ZiWy5nWCyNvo
2025-07-07 08:13:09 | __main__ | DEBUG | 1514 | UHUQhBkqAZhGrBiTXSO2bLghq57BFGG5jKlQYfUJujAZADCqsnnjfHf61mFy
2025-07-07 08:13:09 | __main__ | DEBUG | 1515 | 7BsyaVT0KebxpSVHj3R2fZbPL4ldNy5aDCqrpkGvBYdksUKEiAAaIk8jU1E2
2025-07-07 08:13:09 | __main__ | DEBUG | 1516 | UjUgHp7qqJQn0VMpql786UB9lixfqzY7JFlEZMk1PL2OGxsJf2xapab9PHF9
2025-07-07 08:13:09 | __main__ | DEBUG | 1517 | vziAa9v6tVRRrHGwmpqYWVltrGPB2M7k8Sw7pJgZ5iEvFD8co2DGXAP2qPBs
2025-07-07 08:13:09 | __main__ | DEBUG | 1518 | zHSoGm6J9XAKpDB08i7Y0IjyfYnbs95ziwgY0rb3scDCYI9x7QTEo7YrUY33
2025-07-07 08:13:09 | __main__ | DEBUG | 1519 | cY9aEgMYjBuJw1zqiHPoPvSDjlEltyWyi0CE3TfmbaTHru7oiMY09aZtRu6P
2025-07-07 08:13:09 | __main__ | DEBUG | 1520 | ktjPtReqrx6cVHD9w2gvILoDkmn4Tu3Jckglg0vFcuHspcqtfSZ6X0xnruG5
2025-07-07 08:13:09 | __main__ | DEBUG | 1521 | 8ZK79UvrEqoHdbBQvnvbCNFYBMWbnLbDdGGz055nRidbIKjgYPNGHzNU8IoW
2025-07-07 08:13:09 | __main__ | DEBUG | 1522 | xsEWwm6iU2VqAd8DeRXrCiH4KiYHVvBrv2AW4vai4P7Ec7QOlNRBiVTNZZ72
2025-07-07 08:13:09 | __main__ | DEBUG | 1523 | lu1cVa8rjN1fX7kKCYr5RPbdXx9wzXiCaGbS29yZLFAV3AoLC1xMJ2vyq5xU
2025-07-07 08:13:09 | __main__ | DEBUG | 1524 | WZtXRAsgkkfrPza5d8w3wgKwJsWU7zc4688rKsjfrV20M7qsK2klmQ1LqxSm
2025-07-07 08:13:09 | __main__ | DEBUG | 1525 | p9VRsc9xy3D0DPgNLV9CZ86hgI901qQKk55OflsKbAxybBafwSxnywfuLE3N
2025-07-07 08:13:09 | __main__ | DEBUG | 1526 | 1Vv4D95C5xGdOUG04hmZXEyEOtKSn0S64ubxT1XR7wqObSmYo6NmBNAJMlV1
2025-07-07 08:13:09 | __main__ | DEBUG | 1527 | 3TnskBCCLVUyTwIXfSWmgAqfztTapIpXHEMtMbBh2RdjC5Q7T0DEYjt6naJY
2025-07-07 08:13:09 | __main__ | DEBUG | 1528 | 16MLYuAbHvbldhZqXtAxzo6DLE9B6GzXiGLAXiRD6oATK47aYPafYs03ggYj
2025-07-07 08:13:09 | __main__ | DEBUG | 1529 | wOgrENx2xQRUaWfgFhnIvq8ErN0ncIyYTciX31EeS7T0OBQdHx4uN7chkBF6
2025-07-07 08:13:09 | __main__ | DEBUG | 1530 | ibUziKHxHUVlmB9TfEFFRCrSJPFBoyJhzM7WrALExOE5LRnAJ5i85wZ0WQSf
2025-07-07 08:13:09 | __main__ | DEBUG | 1531 | iVlovrS0WCzQTkmyjkqPCTpZc3FW5MIgnI1fisKHzIMXTP6OP6QeyVBuKAt1
2025-07-07 08:13:09 | __main__ | DEBUG | 1532 | Yah9nV2NcJUOb89P3x44ThgqHMOA9c2FDNT8Od8ZIUI9SdVle632zQQ8gP8z
2025-07-07 08:13:09 | __main__ | DEBUG | 1533 | qY6rcnR2XRhhPN59q1pY6bSjqkvgq8qM4FnIVcjrJE8Z3ydmpXp3jrLN9NE4
2025-07-07 08:13:09 | __main__ | DEBUG | 1534 | gyktbCkRLfOdo9xpwzCUabxfNz9LN13FWGoOQRYOrk9f8EG3rciuNZAjNlag
2025-07-07 08:13:09 | __main__ | DEBUG | 1535 | ktsIUGd3MONRMfCrPMjlWEuWhYNGj0YnaezXAmrL5fIsNqDqC1h29Xn2ikUN
2025-07-07 08:13:09 | __main__ | DEBUG | 1536 | cHFDnMSsqzgSq74EBo1e2FZsZL8BhZXlquP7QyJW7TpJPDa1Fmka7ZnV8iC0
2025-07-07 08:13:09 | __main__ | DEBUG | 1537 | f6zkNGCZe1mPbbsjylWznIaoaP6iPpRVHN6As9J7pHPVq7OG1iF7H6gdUqDr
2025-07-07 08:13:09 | __main__ | DEBUG | 1538 | TbjIa3boueFhHEJ7mSUot3GBbmFZXORQXq3ByN7fN5iuZQygHoYSPZOLlYlS
2025-07-07 08:13:09 | __main__ | DEBUG | 1539 | kDxJeCA0PBHgeVRbkTvOV64MF6BP2VAD1VDaUsyqfjgAvQ9lrvputpkEMfWe
2025-07-07 08:13:09 | __main__ | DEBUG | 1540 | gq44R1CiO3VDETqfQNvTYnT2BQJlZ7ZN8IYoEyNcbTrbpYXy4bpoZHIKP5pO
2025-07-07 08:13:09 | __main__ | DEBUG | 1541 | IW4XjD4eY7SZpRuFX7Ay9S4eMCO0pMM1FCQWmGwZa04uljSUHUVr7tCCqhZj
2025-07-07 08:13:09 | __main__ | DEBUG | 1542 | QXHifMPXMBsHOucNwhA6nwH7UZv9cUPxlysuKRDYFLIvFc9jx0PblpNdAMRS
2025-07-07 08:13:09 | __main__ | DEBUG | 1543 | RmzqU8ZTIrzY0Hf9ZDjgpJWRdMsBtJwAuyi91KkUgKxhNHCh0X1GYzk3v5Uu
2025-07-07 08:13:09 | __main__ | DEBUG | 1544 | wku0Y5fXc424ji8UGo0Dimz1y2m7YDaHyXzNMUwfNuJYbd11BlD5c2yQ5ORf
2025-07-07 08:13:09 | __main__ | DEBUG | 1545 | FDUpi6KUbFawiOhlVvxwBBRTw1O513ChhExQqe6jcoE63Mf8CbwcfD0HW2ke
2025-07-07 08:13:09 | __main__ | DEBUG | 1546 | HIFyqHeV8FuqoAzEFvwNPbshFWElvC4TtiRZA0yL7kA1MmySvZd2bLqEfKmj
2025-07-07 08:13:09 | __main__ | DEBUG | 1547 | qQYXPTXGL0UCvsDONe9cL6yq7Sl5KPduEX1ynflvHpBWXwJMFtF8Do4XwiIb
2025-07-07 08:13:09 | __main__ | DEBUG | 1548 | Usw0069RonhgZYqjpU8rUBVQwXSqQ9PuMsFukIv7IspaWIxMuyhD37VaCQHU
2025-07-07 08:13:09 | __main__ | DEBUG | 1549 | 9pjlTx8twgRUzXZ2bsSFJYsNd08RjrqTVAl7EdFazm3hJSL75dUcDGMO6Tfv
2025-07-07 08:13:09 | __main__ | DEBUG | 1550 | scLhNlYUEw5371h1oLOma2L2obISMwOprqtPSYSUJ9CabwhEKk6eT999BFmT
2025-07-07 08:13:09 | __main__ | DEBUG | 1551 | 9W0e6FgpfxQhsHcBeWN7JOf0eBqgnja79ieA6fK9Caq78hLKsHojmuBqsM2X
2025-07-07 08:13:09 | __main__ | DEBUG | 1552 | NekiprpkkqL3sr90AVEI93NJ2k3gul2KOBYjjm79KosLy4tRuL8tUh5ggEpS
2025-07-07 08:13:09 | __main__ | DEBUG | 1553 | bi4bMrVjtPqawwazyVnL9kDBRO28M9UpWSgySfP1rXE8c01aY019njibigDU
2025-07-07 08:13:09 | __main__ | DEBUG | 1554 | zvn990QMXAvCBle47kuWk3RlcQTlX32Maa6bCC8J4rv7TEpSO9I7vuocNg9i
2025-07-07 08:13:09 | __main__ | DEBUG | 1555 | mO1XobBg0VMArPFWtnCiCyHWu94XgO3fvkJ2xgEolM3zpFpAoqPZ4NWyudtp
2025-07-07 08:13:09 | __main__ | DEBUG | 1556 | uYdnK3V84Gj52ha9bAsNphb4a6u8yH3xA7By7RR27V580SU0HwuoTyscQsix
2025-07-07 08:13:09 | __main__ | DEBUG | 1557 | SV2HEy54GQEH8J5c1GIEQ3kotdX5IGmzUNNWQ0MCu16aCGU9ntzPwq5hDLfa
2025-07-07 08:13:09 | __main__ | DEBUG | 1558 | oMbf2lUNYYCQamhB4PBV8rX5pNvLypBld2wVML8fUS3xBhRcOlk74WbktyrT
2025-07-07 08:13:09 | __main__ | DEBUG | 1559 | gU2WkGj93hxDBfkIML3yIyhGkVegd1VW1ryO2vJhYKnnqKbLnmkp53E1rF1l
2025-07-07 08:13:09 | __main__ | DEBUG | 1560 | vOhboGE352qIkRyoH9j9CVsTkqXvqLwFntM7xd2qF6mzXGsU7bV7B1jxx2VC
2025-07-07 08:13:09 | __main__ | DEBUG | 1561 | OG6N4W9pZLXoJ3vSfHysISNo5lBl6jg3YL1WYXHdy7kgiGynn9ygB6AhGcPI
2025-07-07 08:13:09 | __main__ | DEBUG | 1562 | FWNQVdEogARXbSsnmqFEZqk5nREMzAWwnF1AWGW386oK2NRJpYXaHBpQ3Ngu
2025-07-07 08:13:09 | __main__ | DEBUG | 1563 | kUeLNDy8oaKzJnVrf3iUUMevggmtAIgHNcSnKKQhm6qpbi5boLItEFhBNycj
2025-07-07 08:13:09 | __main__ | DEBUG | 1564 | ClNEV29IgGKzwoBuvdp9dns2IN1E11cF4Pyq8P7ZzOm3V9BGn3y5n1U5JDol
2025-07-07 08:13:09 | __main__ | DEBUG | 1565 | EnNNup3S6EKRfwNqlxNnXMziArHRrr8uegFT1aC3Gz4aCyNB7PPjxjqOEoc0
2025-07-07 08:13:09 | __main__ | DEBUG | 1566 | I6oxUXa8F8nJ0P20dhWbtdsiReDFPTqeYknDIPycYc6mGdm8S0F6tRFsn9So
2025-07-07 08:13:09 | __main__ | DEBUG | 1567 | aiusWlc9blMPs2KIRqo6H8quac9f6jJ5SnxGpIBoPHKhtTKOLJz9vOb61mTV
2025-07-07 08:13:09 | __main__ | DEBUG | 1568 | wVYoHyq0jdGkq7iLK1cerIvcX5VYzQFQmok2uOT9o4jFkrZ1ImDL1rUx39Hm
2025-07-07 08:13:09 | __main__ | DEBUG | 1569 | jCqSxCfDJEJ0q9eEA7PgpITHnFnrMJ0omETU642H9SFPBzYxiWrpVVplu3Bs
2025-07-07 08:13:09 | __main__ | DEBUG | 1570 | docj5ugrooo2gHT2Dy5SUy218FXt51sTGzirc5SUsa8fiHKzYI27qfldz9sA
2025-07-07 08:13:09 | __main__ | DEBUG | 1571 | KDZOQH29iGadghGuGalcRjSK8cImDGXim7UUIXYzrtQYnz2Oom7Rjz399F30
2025-07-07 08:13:09 | __main__ | DEBUG | 1572 | 3gB5WMmxGwWMMLkH4S6hrX0XJpmEmvHwkhH0SEHAb7EZ6Enj1mJQ6QrZCW6T
2025-07-07 08:13:09 | __main__ | DEBUG | 1573 | 0QcvCXfhJyCG3hj6C0hgidH9VgNMLRBtRrV2WBOhBbtwYVaE1S5zt46EJ94V
2025-07-07 08:13:09 | __main__ | DEBUG | 1574 | 01NhSNVZrgyZkjYokrlx1hY86Frk9ebg3b9jUhBjISuoh92goJDGOd5QqewD
2025-07-07 08:13:09 | __main__ | DEBUG | 1575 | pzHkhi6wwlVGhtMreC9qtB56JmQqUz5v3pZpy84PArLPEsuwqRN3xWrgs3tj
2025-07-07 08:13:09 | __main__ | DEBUG | 1576 | PSTwmG9lV5MFcDUsPnIvQ2B6qhaEZiS7LgjzhtzQ5eNo31w5CtzRxzPlGu2C
2025-07-07 08:13:09 | __main__ | DEBUG | 1577 | SbZKsXBGokNeJGYw0gRtzyivObbz3vVr7I4ulwcgHiGmr3CvAsyDW6cct33P
2025-07-07 08:13:09 | __main__ | DEBUG | 1578 | gQsuGoyDeojHrSKrvrKxGcTvHP3KgUOOJy0ugXXUbtGaKtMlJcHAFAiv5CCQ
2025-07-07 08:13:09 | __main__ | DEBUG | 1579 | RtU2RR6YRo9ZtAad1xHKyWCxo2SaywTZTpQZFA8cUReRzzBQLZfX73Kbpcqe
2025-07-07 08:13:09 | __main__ | DEBUG | 1580 | 5bsVvP3VIsawYA0N4p0wePGiHRzXU0oaB5LMLQbiaPs3TmLqP6MTRI2QT2qJ
2025-07-07 08:13:09 | __main__ | DEBUG | 1581 | ver6dU3XX99txVfSoKdbKgBWU7VxxXvabXoG9wVzoQfGgrCZG4mbdIlztwV1
2025-07-07 08:13:09 | __main__ | DEBUG | 1582 | 26SYUZ6EXxIPjSnfNnw3KFakX4ADXl1PxhAbZFxcWPZblJtZq5rzXhef5zTP
2025-07-07 08:13:09 | __main__ | DEBUG | 1583 | 6BtrXd5qO64pj29JOhWnvQ8bSkYpC4XNzvQ0GvIJ4IxxaG3W8ocZjlavYhJh
2025-07-07 08:13:09 | __main__ | DEBUG | 1584 | 5wZgtZ503QucR8m3akoLTbXSeElOvdNOLos6BAIdhYVdHHVIel4ZafWn4dbz
2025-07-07 08:13:09 | __main__ | DEBUG | 1585 | P0GGRpX3IZqvboroCQ2zqB4OzBfakk1HPMt13fzccrU2dRjyW5FR4SR3Pp5c
2025-07-07 08:13:09 | __main__ | DEBUG | 1586 | c39DlE36hr4Cm1dwD6ugyxmTazeZOODzIZQNuENelnX5Cpik1bzPdsKVn3bC
2025-07-07 08:13:09 | __main__ | DEBUG | 1587 | xPQ3gm9W1BzfGPJBBfZaCVPmsSPFTPtIifyhSLOv6l77UoTQiHMUqE0sEO0X
2025-07-07 08:13:09 | __main__ | DEBUG | 1588 | AVFKersOfeilFLrEW1BUHzz0IxKI5J3BivV1s2UWky4qHqtVTDBVUDHI7dGm
2025-07-07 08:13:09 | __main__ | DEBUG | 1589 | dO3sDdDIkfD0LNMH7ZRz9ii3or7O4AXebtpiYoIIzgFyWwKqLBIyCv07WeeY
2025-07-07 08:13:09 | __main__ | DEBUG | 1590 | NOeo5VWfa12MLQuhxImKONUZQr2hizTqTYmU4UVJjYmE5BN8esJo8e4KpL42
2025-07-07 08:13:09 | __main__ | DEBUG | 1591 | U42cwUML4K26Y2fKO1izuuwpzHCPXnXHuuakT0dJgYbCIvuYvU6zDqudLhWr
2025-07-07 08:13:09 | __main__ | DEBUG | 1592 | dEr4qtkaibfG6fp98A5j9UkLREvI9MQhATdl9iiLebkuWZxTEHj5whk7P04B
2025-07-07 08:13:09 | __main__ | DEBUG | 1593 | 4Tx7FJSBgvNlO6eqAUwPHkMYssDRAWZQDLsHqynUrphxRTyvEcoA7faDAmbO
2025-07-07 08:13:09 | __main__ | DEBUG | 1594 | q0u2RgYwbEBy51GyQxHTECDCPogj08c4xeWE8EoK0BJ5xl1K3sCYM2M8Q3XF
2025-07-07 08:13:09 | __main__ | DEBUG | 1595 | 6PTPaMmD9N25mlMyaC0VWfhnz8j7tj1qlGKxNXmdi6za71PStEjnXOps9nBy
2025-07-07 08:13:09 | __main__ | DEBUG | 1596 | HOmpcgOnOcjfKFAkB0cmFHa8CMnbYL4RhhxlYFbnRhgghyYWhVcHAoUZkgkP
2025-07-07 08:13:09 | __main__ | DEBUG | 1597 | HFq9GYDzr8RPAr5b8xp93ao2sMXsESgo16aq2A09O8iclZJ55HWDrVcZnvm5
2025-07-07 08:13:09 | __main__ | DEBUG | 1598 | diaN7iCZ8DToBy1ueEmAkoddaJbLgx11lV7QVh1fYLz7N6El9thFGn9tof4y
2025-07-07 08:13:09 | __main__ | DEBUG | 1599 | qM0QsWzDzQMEiUW2SRLF62b38oWL2IGUwsfi8iO8dI8CIKY1Lgdj2pqu85go
2025-07-07 08:13:09 | __main__ | DEBUG | 1600 | 5qawHeD0V18WaiPcJjFvWbSBQLhfOOleIMLMiOe1TeOOJjaiXji6JuBJ0ZjP
2025-07-07 08:13:09 | __main__ | DEBUG | 1601 | 8i4rCmhydVcdCer6xZi7NevilC6Fz4yP0fSTgezjFCAzv55fRS9xj1N69ls8
2025-07-07 08:13:09 | __main__ | DEBUG | 1602 | tXZGFv38ckN1v1ptLm9gc9wcMLfw7mlqUyWdTH18KwwyFfmXa2JPYKDLfrIP
2025-07-07 08:13:09 | __main__ | DEBUG | 1603 | 13xUq1D8HWNhAzq2s1879uMibRUAxnrO5ePeuKdfbuiRzQQG0CaM8kN6f9jn
2025-07-07 08:13:09 | __main__ | DEBUG | 1604 | kHpP7j2K5lR0yC9TjGQypCq9tNkiEkj7L6BxNVx3MNDcRMjIGKDBfhaAV2KA
2025-07-07 08:13:09 | __main__ | DEBUG | 1605 | PDN7Wxa3nsg9xzQGdr4uFtHjAS0K9gTT3igxZNa59lsX3iXy1rFeOcCkMuap
2025-07-07 08:13:09 | __main__ | DEBUG | 1606 | z69cNpkO32aVweStsKu6Auj6qW6kckx7OeX6xiQCyJRKbVbmKmCwFXi3IA8U
2025-07-07 08:13:09 | __main__ | DEBUG | 1607 | oQaE4M3Cdi8BrTMfy4wRZKXoMl8XTW8G3d61ex1sZiFbHTfyyes66RGErVit
2025-07-07 08:13:09 | __main__ | DEBUG | 1608 | ktwEbzMOLPoaT1lO0gBArTbIhCdq1Ml57s4kYe5qZA2rDToRB0TFG4QPHWgZ
2025-07-07 08:13:09 | __main__ | DEBUG | 1609 | MU8EWJyzxEt6r3IaPPTbmueIlEe8v1og4Ros7xdV9Bfalzm9U6FsWQ5NKwvu
2025-07-07 08:13:09 | __main__ | DEBUG | 1610 | SttEgtSmYraeQCwsJWPvRD8RFSUD3JV9LPNxhvAMo4efX9pz24LK72cRAxxH
2025-07-07 08:13:09 | __main__ | DEBUG | 1611 | xF40Vs9i8xvDofQOcnJWyudCxRIsbYCj4ezqrqth7ZKmvFF6eAZVRSbVUCqe
2025-07-07 08:13:09 | __main__ | DEBUG | 1612 | R0cR00MdnmnxqSaB64Hkok3KNlZMRLAaqmvc0E8seZiParpvyV8OMndwtgQH
2025-07-07 08:13:09 | __main__ | DEBUG | 1613 | 6yc8pk03mcMqlOzj7BwInQvmRIt9KaRcnUBSELCK6txKsVZCMCwvXRNy0Nya
2025-07-07 08:13:09 | __main__ | DEBUG | 1614 | uBj4tuTWRyydh9nINAOy4ZXZbvIVhxiZGgb3v5N095T1wEMCDdvtKu4z9m6r
2025-07-07 08:13:09 | __main__ | DEBUG | 1615 | eKGemMVHinkIMsPgkPgsegkS3k9uDQKB6xkX4UOehrWrdD9Y9aJHEDABdp5p
2025-07-07 08:13:09 | __main__ | DEBUG | 1616 | b84VR1qV2wfrX0UO68d9OYuGud6V83y5wLg4dH2NdFA3FQPrND6fVY1bRHrS
2025-07-07 08:13:09 | __main__ | DEBUG | 1617 | SbYOdmScjYHJYXL6EqRufCqLEJGMflyqKeQR6NPls1tPbCYaA43UTPPyGm3M
2025-07-07 08:13:09 | __main__ | DEBUG | 1618 | tTWHd5TBk9uwETlWbuHRdvl8EMU8ecUj8IkeH5HY3nbX2ZO0GhO7K5qDUYYa
2025-07-07 08:13:09 | __main__ | DEBUG | 1619 | bG5VrRMyIsCBVdYDJsuiXO9A4EHJ5KwB33j6AgCKURI2vvj5BTgQAQFugUZ1
2025-07-07 08:13:09 | __main__ | DEBUG | 1620 | mOKM0RYO2vC1TUvHdLhFHk8a86fznk1Z6a5bRppZrvrAqF8CiaEt4d02AFB2
2025-07-07 08:13:09 | __main__ | DEBUG | 1621 | DdJIQs84s9ScFwtDeuLXa61578F2oXUbzYeE56zhJnPgmqTy59KhAl3H4Pq0
2025-07-07 08:13:09 | __main__ | DEBUG | 1622 | XppiV4gadLuxZ4ZVwMsJjbuB3g4KzhByGnBgrpdJWIceyoFwXG98TIftOdG0
2025-07-07 08:13:09 | __main__ | DEBUG | 1623 | 2vzjZxupW3K6v0IRxS4QXGJyV8sTBFjEYkEYROWLHfbl2EC5ljeS6Jv9DSyT
2025-07-07 08:13:09 | __main__ | DEBUG | 1624 | XjFEvnP73EhoHEGbrTbSd6ImzN2Qcbd3zXP7YnmW5B554zdx1dYWdNMoKrTC
2025-07-07 08:13:09 | __main__ | DEBUG | 1625 | KXEaZ0l0VcNtvzw4psfk2ep5hbugag4OIDI9RewK7fRnIAzCdxf0eexmxWa4
2025-07-07 08:13:09 | __main__ | DEBUG | 1626 | ZgJr1xffz3w1avJ0jR80yJuD2j4xA01WzKSlYUX0inaLmEIOF0Ra6PcmpZfy
2025-07-07 08:13:09 | __main__ | DEBUG | 1627 | Tuxy97leXccS4uas8Us7CjDNfLjPYf0yQVU7YxzGqU35Y6pyiArbVA1mh2Cp
2025-07-07 08:13:09 | __main__ | DEBUG | 1628 | WoQ71kRU6j1YWhnSkoEBnnAAOawIxSPTlwvXB6PyBFcM5LNcAn8RGVRnYlQg
2025-07-07 08:13:09 | __main__ | DEBUG | 1629 | lYmXseLlgofGN3Fr7e3TTMQYsLKbdX1s8oczqCwxZIGX2TSezMcaVPzH49TI
2025-07-07 08:13:09 | __main__ | DEBUG | 1630 | dfVMPHOX0VhU2R3vUJd14PVRrlmXpeGPzxDOYoOJcbH8qUgqTP5ZmHGW43ou
2025-07-07 08:13:09 | __main__ | DEBUG | 1631 | AG7HmQGbxL12E4m8dwksZaBV3kLqFNhrGq3QsRWeu2T77dwvdTW3WA7fYEr4
2025-07-07 08:13:09 | __main__ | DEBUG | 1632 | bs7HqiSlo7OQnRBJDVNsvf6tMOnKzl6e2v6W5GMc2Qtyk2HGXsOZjtDdYZYw
2025-07-07 08:13:09 | __main__ | DEBUG | 1633 | zpNnHyTcoc37ThoSUF5JZB83jtsA30B3dEVO8pJGlGvFpE8ZzeHlALJREFrK
2025-07-07 08:13:09 | __main__ | DEBUG | 1634 | EV0bEvHuKg0bulOj1NDNeJVxHsU9DXJe18cD4Y53OCWadr0OyNP3drfGao3L
2025-07-07 08:13:09 | __main__ | DEBUG | 1635 | DayusnzxjOlhfDKRvHfpbbLCToiILAj8uCWzjK1J3F8davUYhhB8YfUc1Jaa
2025-07-07 08:13:09 | __main__ | DEBUG | 1636 | PZ4cslLbZM3OgMAZ7f86Lb9yfI0l8UBgwUcccHeIFg9OcpHjadhWNOSv4Ilp
2025-07-07 08:13:09 | __main__ | DEBUG | 1637 | 5Ff8KY3gqQudLz2oZGvloZ67N8vTYlCkWcKqrMqMOeqqTlHH3SrPu3pzmWYe
2025-07-07 08:13:09 | __main__ | DEBUG | 1638 | OKIBcAcbc9cngmjzFXPXGZvP87cUu5Sfnlm0sY54VUglgKS9jvv4hcXmkkkd
2025-07-07 08:13:09 | __main__ | DEBUG | 1639 | DWmd6yrhHA2KXWIddB4uCfDKN0NSDGTQQXrDTFcs44VAm94mcsedsiSZADBO
2025-07-07 08:13:09 | __main__ | DEBUG | 1640 | gGMPvwEXUwVTVilyVlXwIXB5pF20qF1NtwwzQdSEJuFzxlj8IyfqkuoRirOM
2025-07-07 08:13:09 | __main__ | DEBUG | 1641 | sLeEou0uygw3ERhRYNfE6mhHHQfvZJfDfvAerp4j7VD3a9787Lu9i5SgcKwV
2025-07-07 08:13:09 | __main__ | DEBUG | 1642 | GTw6XLI9H07pCaASe800L74Yr4AxFaS6yWrPhB1eCi6HWXiFhS0xK5a4SraL
2025-07-07 08:13:09 | __main__ | DEBUG | 1643 | ePbjrYQXLYcuLIr3JxdMMDYD1x7IdZst7HsC0J5dwziyLmuQITNaix871vYD
2025-07-07 08:13:09 | __main__ | DEBUG | 1644 | eafG6ikqAoh9YqDMWcD7wtHiW80A6GNGdj2iZrj676x5FymHuK10HwyHx0Sy
2025-07-07 08:13:09 | __main__ | DEBUG | 1645 | v1tAHCS9jK4zcG1eV1Wow2P5xHm31TjYfkdeGHXjbptLRu6ZiOA2LOXMvMGB
2025-07-07 08:13:09 | __main__ | DEBUG | 1646 | nVSp8BHzDBlxjuu8tBX0kJyKedKxXtwSzovSprjkY9euaBHfsykzgWSuFys2
2025-07-07 08:13:09 | __main__ | DEBUG | 1647 | FItPhS7KPShNNlepZ3rKVRvfLwxIxXoLbH1dRTdnCDCUZLfqdHdxU3jIk54D
2025-07-07 08:13:09 | __main__ | DEBUG | 1648 | R2OkwLLap8MuYgl3DN4QaI5VDHmWCb4FTwFKuuP7IeUyI7Yn5qOKYl8OVQhy
2025-07-07 08:13:09 | __main__ | DEBUG | 1649 | iEd0Njcob5i7FXbxkGcmmu5oMQG5PkWyoOv75S4pL6jReizVLp6JMZKfYrx8
2025-07-07 08:13:09 | __main__ | DEBUG | 1650 | zeBLV1d8M6BPNzIkWW1mbeqFZww07lIZva66ZMZmX877chRrGjJTz8PMmOLo
2025-07-07 08:13:09 | __main__ | DEBUG | 1651 | X0xpaRS7gKQggprmkEFe4tqA6ScKanFsgVPBIfmnls6nLz8ox5cFYpGphCnY
2025-07-07 08:13:09 | __main__ | DEBUG | 1652 | OhENgfAzn9CTfooGzGNHj0tbzWIGKcgZiXxKA17nzihkblSeWRy2JYUweN7C
2025-07-07 08:13:09 | __main__ | DEBUG | 1653 | XA4QxHXdCUIeFpqnKcEViaVzHy0OBCe5OuL4AbnSZCpmQDVG33Ltyf8Btx0j
2025-07-07 08:13:09 | __main__ | DEBUG | 1654 | 4MWYddx0z3LkttAIqdel2Z2cEKdJXS9v9ToIo4eUw90IbjAsidkl9cn6DYat
2025-07-07 08:13:09 | __main__ | DEBUG | 1655 | rFpI6ljfzE8FWPS16O8aRadIDixYwktwyjJ7CMv5Dxn6I87G1jni5tMmtqcZ
2025-07-07 08:13:09 | __main__ | DEBUG | 1656 | IEu6yQjNlwOhGMP85RpGw09Kocfp77tz2TftUGvB8UV6wVYTlEIA7HFvzcT2
2025-07-07 08:13:09 | __main__ | DEBUG | 1657 | pybtdGfbfMCw4XY57ZOtMx9zaFiB6tE4squ6BlyIXcIiBZmA04n83Vhh6y3P
2025-07-07 08:13:09 | __main__ | DEBUG | 1658 | u6y59fvbt7vAzQ9XyCZQwtIx3NELFeHbgjfuFSXFriPkUVaXdDtE7f7Zy3Dr
2025-07-07 08:13:09 | __main__ | DEBUG | 1659 | wuHi5uIRjPXRX058QisNBijSSfFvPACnnRH5sHfEj0EWWAocLRg7SBrb45l4
2025-07-07 08:13:09 | __main__ | DEBUG | 1660 | UqImaFNkvC5uRTHBhr7Neu1DOphzq2e4iOonjo9HFvCKzb1seg8kZOWBXFV7
2025-07-07 08:13:09 | __main__ | DEBUG | 1661 | ul1vesFG9klQd07NhnNfvGRlGN0qdzXmi2cuFRaO1NGBKwn4bKUhwjA3Q7ta
2025-07-07 08:13:09 | __main__ | DEBUG | 1662 | ec5PaBhm9RwPfh4ZWcnwmBahrKZTOjd5ixBlvEYKpdTfydhcWWheInHDck6r
2025-07-07 08:13:09 | __main__ | DEBUG | 1663 | F4TzciaM5B8vUHQzoFtN6fRnnGsnoyJOlBfbNw7gmVqGu13hM7LSTgNUPUH4
2025-07-07 08:13:09 | __main__ | DEBUG | 1664 | WEnZfI3Prag0SyQGJydZS4NNuporjKDlzEzl8Cp6ManM25JTUdDbcLr6GLlX
2025-07-07 08:13:09 | __main__ | DEBUG | 1665 | P7iKKQsushibl236syOtwSyyFN8TsZEBDSzRDzoIKQgmxz1Ubn79Uz4EmKiH
2025-07-07 08:13:09 | __main__ | DEBUG | 1666 | hbwa2EDFNFO7yDl8uLFK0RhG5b346um7l2R9WZpPvLgoArjmh5FTcKJXtQZF
2025-07-07 08:13:09 | __main__ | DEBUG | 1667 | 0sFFBenehk3NaJa0WntaCo2NRFje0d87eBOoxyatX8YlAC8ZLTQVUG7Lj8gw
2025-07-07 08:13:09 | __main__ | DEBUG | 1668 | Fbg3ifYkFiae6k4KDyM85fxbzeA0s9zl1kjcEl17ixetUDH5V8MLyJwGguWT
2025-07-07 08:13:09 | __main__ | DEBUG | 1669 | Hi8ZU0nqknJkAP72LtgRECfpIWixbsf2GzXncIMDVHiwYNkDESHfY1T3C6sg
2025-07-07 08:13:09 | __main__ | DEBUG | 1670 | Vxyy0svR1kXb0TNWArbbqlSbLJTK5tF6FKylQCvjmCBmkbIwoV06eUVcYeXD
2025-07-07 08:13:09 | __main__ | DEBUG | 1671 | gyb9cL08JDSfGRdzcL1X2CCIxK6mzw1yC3tT8yzp4aiU7Y1S9a7CcZ0aQAfE
2025-07-07 08:13:09 | __main__ | DEBUG | 1672 | R1BWLxOAMuKnUswug2kWzW5G3YqPZVbBZmZ6rcluxSXrucTZ5ky8exUuIEZF
2025-07-07 08:13:09 | __main__ | DEBUG | 1673 | OIIY8sn0eEOw5DqSeVpkvLyCP8Ul3iblW6We0KZKrTujxOpQqJpgIOEsC2yD
2025-07-07 08:13:09 | __main__ | DEBUG | 1674 | L2V5QUF7CbsMrXERu4xT49Vonf0rVRfGZvcyIMWN3LLGI3FbALxtWzWNEkMK
2025-07-07 08:13:09 | __main__ | DEBUG | 1675 | bzEYOiuvLEWSf2CZvyEe4eLx9vPwc2BYXanjcejEZw4iAWFKcDHBdxGmRUGf
2025-07-07 08:13:09 | __main__ | DEBUG | 1676 | dqg3Kja2k44o6PWj4JCcIPVnC01T5Eb7PZ8O5HMbl1CasXPXuaZcCDbDaQo6
2025-07-07 08:13:09 | __main__ | DEBUG | 1677 | 62QruWmU9PqJzGQH7F7OqBRmPINJ2zZX1LNeNWzEAS67OeRAh0s97jglflY9
2025-07-07 08:13:09 | __main__ | DEBUG | 1678 | oGuHtweDjIIz6ghKebHws9xRpcrUZPrKRhDj4Ba8FkNEagG8xYqOBBNszQ9W
2025-07-07 08:13:09 | __main__ | DEBUG | 1679 | E3pf3P3DNAIwV9iAlVHdvZm1h1a5AiTAFwd7saVmCEXjSTCx6897z1eaeAmM
2025-07-07 08:13:09 | __main__ | DEBUG | 1680 | 1ow5IjNL4CWWNE0ZxdnOB9tC7BpSj3g8Pmg7BLW2axjvJoFZfup5zjJRWsFl
2025-07-07 08:13:09 | __main__ | DEBUG | 1681 | 8FlHeFnMLD2Zo24ubDAUuuKTlXicxszRu8klJ1I2a1endNSA3PSzXxvJvaMi
2025-07-07 08:13:09 | __main__ | DEBUG | 1682 | hii3v4RfnxuCdk1HJEqy6WfCtSuc9wiiuZS6VTseF8gdfvstrftgIZcvSeRk
2025-07-07 08:13:09 | __main__ | DEBUG | 1683 | O9BqSUytaqMebe1nXFv4Gqer3Y6ugbRNnPPwbd8Lmt7W6P6P2sg5QmhAYTS3
2025-07-07 08:13:09 | __main__ | DEBUG | 1684 | EO3SbUmWLejmJsHV9mXRKGD1grJcVG0734zqnH8FxKdXpIj78ap4qzLtMW1P
2025-07-07 08:13:09 | __main__ | DEBUG | 1685 | ncsViyburYKg90V5YBq8hvKnHc5FZ8fDWSgEI7N0wx9ZdviyD3I8WnBWBnUD
2025-07-07 08:13:09 | __main__ | DEBUG | 1686 | LTnSDzVCQbpCrbx9pgv3DBTj43W8SWTd4SbV22p6JyzQTje3kIYOAgNGCMK6
2025-07-07 08:13:09 | __main__ | DEBUG | 1687 | IPZpy4nnI9GOkqR2VdCoRozGqxVd0eKRIrketZ5RrXP1wYNcoeeAGNv4fOR0
2025-07-07 08:13:09 | __main__ | DEBUG | 1688 | xaJ4Jfgl41SHXutW3t9hgyuSKMD2gg4hXtTw40Qj8GXkjOI5fEY2Y5piMJSX
2025-07-07 08:13:09 | __main__ | DEBUG | 1689 | VUmyTRxqdTIA3SrutMKFfAn2kESB4ywQ6jzaZJ9bfrowutMtOaCnXh2KS5R9
2025-07-07 08:13:09 | __main__ | DEBUG | 1690 | PEesAJphDriI42OGvHornmF0RHXei1stJaJBv7kvVSJvnO05jDO267lNUOeT
2025-07-07 08:13:09 | __main__ | DEBUG | 1691 | br1GCApJuNkFyrp7sNTofw2QZ8lW4oFNKb6Une9ojkYgDMcwGXTl6hWp1LIn
2025-07-07 08:13:09 | __main__ | DEBUG | 1692 | VXq9xSqupEaH49nXSYGnXYtJeclbZeGdNTAWFwqEjTN8COdCl5yVMwIEfuBN
2025-07-07 08:13:09 | __main__ | DEBUG | 1693 | 66SCK8oRtbLzsgmEBe1iqCC26B8GtGj3R0UM8rOpAAzoKmNA8Gs48fPsJUxO
2025-07-07 08:13:09 | __main__ | DEBUG | 1694 | fljkv9gFXiCs4wEa68G6UB1tWBkHpVCiR1i4Mvyq9rYZGWuCLL52q3iMUNAw
2025-07-07 08:13:09 | __main__ | DEBUG | 1695 | 5Mhv75oyWO5BW8m4IbKeonwhPhToSN5KR6r0dU97vbVISel5Q4abFIu8jM0J
2025-07-07 08:13:09 | __main__ | DEBUG | 1696 | MmalF7xGdldLh4ix01bwxU8wYaWRbzpxBzyuO6n5en0F7Re1gFVoyXAPDm9P
2025-07-07 08:13:09 | __main__ | DEBUG | 1697 | ri64n1XkG31i2I9ZveYrtcrsA76AO9Zo1snAYALgMpi78y6BMt0BIs4dBpcX
2025-07-07 08:13:09 | __main__ | DEBUG | 1698 | phBJdNPUrLILytbuIc0gKSDLAqcfL3YthuoUCaQtG7IfWmyO5T0C8IUhX8BL
2025-07-07 08:13:09 | __main__ | DEBUG | 1699 | 3aVUYUvG3pcZrrgbai3JOGaZ7s06pBNvC7BUDK5xNTlZUAjzv6YudecL4NkG
2025-07-07 08:13:09 | __main__ | DEBUG | 1700 | So86mKxYZdkruX5hVcRUw9wxNiGO2nCcHR8unBeaGE8DipILnX3DOSg6YSrN
2025-07-07 08:13:09 | __main__ | DEBUG | 1701 | hlKF5NIgybcEcug6R2SLNFkRmTYOAcVxMz8cT0IM5Oas28x9NLnxYo50paeY
2025-07-07 08:13:09 | __main__ | DEBUG | 1702 | t0j5JAxD2DeIZq5Exw44n93mxrGrMUSRucQmr7Z9pb45Aia1Lky45np4FDcR
2025-07-07 08:13:09 | __main__ | DEBUG | 1703 | HdU0Y1iZnR1n1EcxxZX0vlSZKeWkqyY0NSbIdjU89Q3NK8YUjwbdFgkLsGfz
2025-07-07 08:13:09 | __main__ | DEBUG | 1704 | pyOj3DgqkONBTMgOXrfirzLgCgdjVJKU3KaZqzLy5OG5XizMT1ZB6xrGhyrL
2025-07-07 08:13:09 | __main__ | DEBUG | 1705 | YspJDdlUN5yfcodMT7B5GNBVTBpAqPtJeXQgZ4bUGprQCKAfXmEu6e5kIgw4
2025-07-07 08:13:09 | __main__ | DEBUG | 1706 | jyan8yef1esBO8QkUo5AqKyC1fphLdra068Vd0FvxMy2ktGdf2CuiEhw5BcV
2025-07-07 08:13:09 | __main__ | DEBUG | 1707 | 3Eh3phyp5GBLG9W7aWsX964nXiX7AqAGuDKDngfv3Lt0ruOUEUosdsj6vLFU
2025-07-07 08:13:09 | __main__ | DEBUG | 1708 | 2MhBZORjovBpiz8FWNqbXx3LFenq1dbIhKzOVP6yl3E2MGxiiPszVM5zgk0w
2025-07-07 08:13:09 | __main__ | DEBUG | 1709 | mG1s2qraNUe07yjLFgOQKwC6OnOfujjLDR4f1ecGudDoWi8caAZ3Cks1npA1
2025-07-07 08:13:09 | __main__ | DEBUG | 1710 | qEk7EMxEWOsAusaREd0Z7wpIzuxdTn5677tNDu6y5y4tq5zDAvuQ9MiKp7lj
2025-07-07 08:13:09 | __main__ | DEBUG | 1711 | lTmm63VXlvXMabzAKKvAXgQE7ZWaIfSXOFHBcSKKWxGjn1OdqiknqBZFJO6u
2025-07-07 08:13:09 | __main__ | DEBUG | 1712 | wa3oEXyN0HbrBtv9PEyDD7VeDPN6WdxtTH6yAb3iIB457xWJFHBgpKsv2Rb3
2025-07-07 08:13:09 | __main__ | DEBUG | 1713 | Mp2VYGc4ICTnC03BQrWbayeJdACipjuKdUn6JuGPdwtJNgAIV0n56rGiYA30
2025-07-07 08:13:09 | __main__ | DEBUG | 1714 | RsYFQxVtW4VvMWxDkGWjAZPxglSNiWUFqGOxLVLSb0I5ZhmwHUVF4FDNehqD
2025-07-07 08:13:09 | __main__ | DEBUG | 1715 | TgnYx6WX9zRu60huFoY4r3VKr2A2a0gNPTlZ0hzQHsJim1ZkFli6WhBEq445
2025-07-07 08:13:09 | __main__ | DEBUG | 1716 | AjC657m60Zyanr3QIcQjvQPwGn12LZqD5BKdtZpssWfVjYOHjn13kKlQ8Zqz
2025-07-07 08:13:09 | __main__ | DEBUG | 1717 | hTPK0v7gHksG5HRYsnoENF7LYyWi2zT4FMLRol4BkyVlkbj1xe4jbD7FRjQZ
2025-07-07 08:13:09 | __main__ | DEBUG | 1718 | lB8g1j6FKCkb8VLHfwPygxwBT7hzmRO3jnElqRE5TbLDa6WzRHLIqHpJZJNN
2025-07-07 08:13:09 | __main__ | DEBUG | 1719 | A9IWK4eYmyQSQJhNsotP2aMnoZ9x014Wzg8pQDBXB5fqQOcvIi0YBLI8XaBy
2025-07-07 08:13:09 | __main__ | DEBUG | 1720 | erIyaDT78lLdWuxQdPIoj3UcgkXS58n6UqyzFl4d88Vl2GGFRAl8CmIcbfFr
2025-07-07 08:13:09 | __main__ | DEBUG | 1721 | B1PmZDFlOr9hFbyX3gKXfdGfTARLGjuLQfcHej9g2rBHoN4suqcwRlphC6OX
2025-07-07 08:13:09 | __main__ | DEBUG | 1722 | J4I5jeTjZPIc9MSQtkiKiqV4DfyEfsK8wgwo9QDtTRSV4kWdB2iIbATRiQzx
2025-07-07 08:13:09 | __main__ | DEBUG | 1723 | BhK5wnBFBnofcQ5eBgQBoB8mG4kDV0PdUGVhW96gMLdcxRqewuFCtrtPnk0v
2025-07-07 08:13:09 | __main__ | DEBUG | 1724 | jtfT7PXGeNpb8zqSKq2FrQE4bLQTIUNhdkkv5XYoxFfSq62HG77OxBHZPYoe
2025-07-07 08:13:09 | __main__ | DEBUG | 1725 | nhTNLwuugPuFlmEzcykEWsYDKgT3Sw6CEUgfMklo5C3ePDdPEHgKMFJ4VE0W
2025-07-07 08:13:09 | __main__ | DEBUG | 1726 | a17ePwOoGYizqA77DmCPQP8QdnLf2aWFh4cc0kYwje1svJECnxbn2N3yVlvz
2025-07-07 08:13:09 | __main__ | DEBUG | 1727 | loRfxZv3Mg7MIodVyT2YGder68H4tsoDgxnYEhDijjPikuQXGW6H10T4oaDW
2025-07-07 08:13:09 | __main__ | DEBUG | 1728 | 1Qc0StWFsePTtXGA1HpLHoD2d4rmJ1p9avnkkyFYZdllbhHw6wI3WGG2sMDO
2025-07-07 08:13:09 | __main__ | DEBUG | 1729 | GaFeW4doHrfDuupf4xl6kWs5jsFWK7ltBgIcwguba3vyNk1DRXc3GrcZsxeP
2025-07-07 08:13:09 | __main__ | DEBUG | 1730 | mXXvxusar1zgcM61bopnO8dA8JnVT55bVe7QKfnNvSGeQoIGAZWZxD8rfyg1
2025-07-07 08:13:09 | __main__ | DEBUG | 1731 | 0qd2JdfgbTzoGe7feNYhdsonypwwrF4dcEhSTL1o0m2QxvfVsNV1P76MSj2e
2025-07-07 08:13:09 | __main__ | DEBUG | 1732 | bya3pOgvow79s2uui0zThVqU1dKroowrovgjJxFzw8cLBuIwXW8Dx811PrxU
2025-07-07 08:13:09 | __main__ | DEBUG | 1733 | 7vKwVWvbfGXnhUh7QangXyKwVsZGAeFzgMSGjHQqtj9DAwv7dDYKwroX7rwG
2025-07-07 08:13:09 | __main__ | DEBUG | 1734 | K94pbefgBQre3h0Um1N3rWI6jEoZKzrjx7NKyLmhK00z9ijhK3ed2Ky0bT3L
2025-07-07 08:13:09 | __main__ | DEBUG | 1735 | AyBi4R8vVXkglKJj293wmvazV89K44xuWx2ffi5S0jDDcAa8rUjDMLQXORrj
2025-07-07 08:13:09 | __main__ | DEBUG | 1736 | uiEN351AFFwCLCbVwC8yIfS8qDOxZjq9POe0zAo6p8HO8jnfXSBNv1wv7P4d
2025-07-07 08:13:09 | __main__ | DEBUG | 1737 | dtZAFwV1nJ9vsUcIkeLN1jJCnszsjSkskYAZ15m00OaZgNF9aWOZrL0GEI8f
2025-07-07 08:13:09 | __main__ | DEBUG | 1738 | ObaSYx78L6mKLJnAekC6FZH5h7CaaDzyC1cV22ZFkxmwsWnu4EepL0uieSO6
2025-07-07 08:13:09 | __main__ | DEBUG | 1739 | 2VvtGjJGSRVd1RupZuOykRuOa0O7sbqaOquPt31usW9hqAsDevvOVD6Vkhaq
2025-07-07 08:13:09 | __main__ | DEBUG | 1740 | EuNOZ8rtGyhMPKJkgHQseVmfmydiNaJIU3uL9rwZYjuqoaQZ5D7HF3FI6nuk
2025-07-07 08:13:09 | __main__ | DEBUG | 1741 | anMP0VIoDWyy8Mu6riXi4v66QwuJZuSRYD3b93QA6w1eykX0cwTlEWn2adg5
2025-07-07 08:13:09 | __main__ | DEBUG | 1742 | CdlIq3DK3NgDT4NYss5zvzxOetApu1Zk8H512uxaNOr5Kmo9hFIPCxo75HNI
2025-07-07 08:13:09 | __main__ | DEBUG | 1743 | 6N6F1DnoQYlkgM2RAknvxJpU6dMVsMRGGAdhvg88hKDbuIheQ2EtvMTMr11n
2025-07-07 08:13:09 | __main__ | DEBUG | 1744 | Bc07WMDVP7UNjZG5uWd2tAuCGz60hytplpUndpAbWBCW3ywAbep125SGAYH1
2025-07-07 08:13:09 | __main__ | DEBUG | 1745 | CnbmycSyF6qQXsi14R8da1UZNm3moLvMhYbAIox4GSwChZLr7Ff6JvEvhTTC
2025-07-07 08:13:09 | __main__ | DEBUG | 1746 | 0iQEPy9dMHeMoXoiJgkeUKKkqulDNSvaW2bekkEgDSOrCnyBuXHPLnk5Nwyj
2025-07-07 08:13:09 | __main__ | DEBUG | 1747 | z1oxNAiHxoxSy8bgqnote4tsgXdQv7pFzvR2QgE7nQ33dvA8a2NDQZatXqWX
2025-07-07 08:13:09 | __main__ | DEBUG | 1748 | xRyzmDioGQJZeFyzLSqqe3Q5Bwani1C0qB5ePU1XhF0q6vAMAF07Wyakv97y
2025-07-07 08:13:09 | __main__ | DEBUG | 1749 | RGYADa9A0t5lqV4YGXkIcFaw0DEWxnZfN1KBJ27fk1gJTQQ2I2Ht0142Dlmj
2025-07-07 08:13:09 | __main__ | DEBUG | 1750 | rj12gurNkBrvBqyjvTe0HfZlSQaYTfzOsOB1C5eMWIHqneLKht8ELNlfx1hX
2025-07-07 08:13:09 | __main__ | WARNING | Reached 1750 lines
2025-07-07 08:13:09 | __main__ | DEBUG | 1751 | hzvthaftqGdejgYRmhJ4D7i8MUiVLCyelNd6Y5yIbmsB3BIXqLpbHZXPCNk0
2025-07-07 08:13:09 | __main__ | DEBUG | 1752 | o7Wm95k5txbKP7UXgRCsIX78ieE1MkbQS4ck0mZgEspTTkncRdTUldsC8y6e
2025-07-07 08:13:09 | __main__ | DEBUG | 1753 | WkGpnZJvabbFOEg7T2Fv3ceiGceLTyeJA2rZ3nyBWOrPgPNMIju0G34OPkok
2025-07-07 08:13:09 | __main__ | DEBUG | 1754 | jTMR2T063bm7LCIlKE7uDaoy5ybeBFE2qSzTColsq1S9KoXc9Gv1IPhZWtFT
2025-07-07 08:13:09 | __main__ | DEBUG | 1755 | 0OSZWjvBKCBPQHhy0mvoRlOIhOSglbKRUDZvCHQHLIM3njOXryeGtpyGMEqT
2025-07-07 08:13:09 | __main__ | DEBUG | 1756 | kNaVu4FIvZMl2R3SxQtDagj8Tj8MD7drf6tsxjGxtG00ss3sEOTFjI2grLoQ
2025-07-07 08:13:09 | __main__ | DEBUG | 1757 | ZooQ5e7h4uFEI6xi2QaTu0yAUu1Pv8OYyfU1QNKner0lPNcdv1kDVB8884JH
2025-07-07 08:13:09 | __main__ | DEBUG | 1758 | 85Yahv9RP7YZqyDpyYYyIO7R8uMnJqZeZq9Wn3lc3cjYkHCYXhKt2UIg876t
2025-07-07 08:13:09 | __main__ | DEBUG | 1759 | FTk9GvRxLzc83aYOUKACjGp6nj583kP50rdOuiDD77C1FyNa8T3rY5KGxriS
2025-07-07 08:13:09 | __main__ | DEBUG | 1760 | CPoyWBz65BpyeXhGtivDCqmQPWjkxhe9sqQpOZLd5MdMkzT7O6RHtWKr0hSQ
2025-07-07 08:13:09 | __main__ | DEBUG | 1761 | KJhn7ApLYz6FCrqILlT6J2A58u4vSibZ4f3Rq6LRlxEDQRz930c6Oye8qJBb
2025-07-07 08:13:09 | __main__ | DEBUG | 1762 | PoJyhpjql6SmNwmfBEHhGmRsUKOgTZgeuV7h4s2a3YcGwaqQnkqA0DozAymi
2025-07-07 08:13:09 | __main__ | DEBUG | 1763 | K8fmEr0nZI20Z5XzKLhz2651c5303Jol7jbyHz4WZrYmSWvojuioTL2XOzsR
2025-07-07 08:13:09 | __main__ | DEBUG | 1764 | PTiKdqAkMavqND7wyETrEVKCrx9qCdIE3lstfp0Xo3hXiht2u3V3ZyqsuHIg
2025-07-07 08:13:09 | __main__ | DEBUG | 1765 | ZIJat7P0wKXU6qWeXb5H6CwUkPYnzJ8FQW48t6gWpCfFnqhtBgWmU2ZD7k9R
2025-07-07 08:13:09 | __main__ | DEBUG | 1766 | X31rzNw8EQ4S34xC9C2C05kRjEea7eGp4QQTLtlNWqfPeQ6gFaDSbpWhPeE1
2025-07-07 08:13:09 | __main__ | DEBUG | 1767 | 61dXeZ7bqT1f9UUVfYbfYyutMZf3X4mvoyMoQyaDpS28IAHZkay6v28XnhJM
2025-07-07 08:13:09 | __main__ | DEBUG | 1768 | FGuineoPW2n0caeNHrZ9c72M0HqDacgnjri2SAb7yeVnK5qUlTvURdRQXq2e
2025-07-07 08:13:09 | __main__ | DEBUG | 1769 | pIAF0CkeQJdd0XQ00VCI8hhjnu3lbhpthaMW1poDyM82fJtwss2HnERzZYt6
2025-07-07 08:13:09 | __main__ | DEBUG | 1770 | MY6K5ag54f5k05GlMVTby9xV9g89HsOoiQGa9vdH3GNBpFj2H1gMpHfeYl70
2025-07-07 08:13:09 | __main__ | DEBUG | 1771 | K8ZEd7CQbsOqgK6JxRC0oLhOc6iu5tOy5yt03ab3d7tFBiZQ1u4Wv6CHyt3a
2025-07-07 08:13:09 | __main__ | DEBUG | 1772 | SSRE5vR7aQIb4g5LhljZPEntzLoitlAmhg2zjPvrWQr7m0elwzPwIDmIFXCd
2025-07-07 08:13:09 | __main__ | DEBUG | 1773 | i5RHfbNfJl1fSU04IVGBd5k2LJX0HIBmyu5SOJXznttEvW1aTzkG7Y8gxYQ5
2025-07-07 08:13:09 | __main__ | DEBUG | 1774 | C9Wumsp1MVy1KECnRkh0IIhRPf6WKiCDKs6thqC4SPgZVlf6aYFYj0wIs77p
2025-07-07 08:13:09 | __main__ | DEBUG | 1775 | YWOPAx4xZEE2NeO30N3NbevcU84qYGMMk8eV1BFu1y6JI4ywUL4xGBLO0LcL
2025-07-07 08:13:09 | __main__ | DEBUG | 1776 | AYzQLGrovzBSPxR2acYrvbqCAgzKtdKgY7X5TwlERWifGdvLr09fBst8Dm6n
2025-07-07 08:13:09 | __main__ | DEBUG | 1777 | AWEZV83QZM6FbqH3ByepKHdJmNnxOeJlMMrcHqzEiazym0WaAoGEZfUnfo8g
2025-07-07 08:13:09 | __main__ | DEBUG | 1778 | cVYwbvVsVH2uikWoaAHRwWXqtJ5pCecP7MLyfHYhy8KMzB6KR0F6D34LyCCP
2025-07-07 08:13:09 | __main__ | DEBUG | 1779 | XPRHRqbXBuZOvnGYnBoDtGjdzuMfQP3dv18gYBELL0UzkfLbDDt2UOjJD8MR
2025-07-07 08:13:09 | __main__ | DEBUG | 1780 | KWRNOpeaRVTuQ3m7CAZq3i9w1DjMaFFJmq5pS5UgwOLX0Y2v8pTZiS1gICLq
2025-07-07 08:13:09 | __main__ | DEBUG | 1781 | r9tX5tHwVjplAQJtAPIt576cJbLkcnEFQMVSbMcbcxQSHI71CSwfRkGepHlo
2025-07-07 08:13:09 | __main__ | DEBUG | 1782 | cCm2ozStsjkFzaUcLsd08mfJY46w5geaR0tsSr8LbBjBHfHwyWMhbhLow4BG
2025-07-07 08:13:09 | __main__ | DEBUG | 1783 | gfWikMU9lWzZdPDuOJuXpt57tCTOU3ETNzfIOnCHSoWVpA4zoADcNc4sgLxG
2025-07-07 08:13:09 | __main__ | DEBUG | 1784 | MnpY2zuqcRAYjEzXb8dMaGWIbjgJhnEc8eDf7zKtqVPSuCioybDQEtJgqcWj
2025-07-07 08:13:09 | __main__ | DEBUG | 1785 | 3PMYEPggbnLYNdkJmqoh8QYEc0nfsC4uJqop886FNDgPdvy8ric1GtoDNGha
2025-07-07 08:13:09 | __main__ | DEBUG | 1786 | 7M36dLSiwHhJFGix9ZFEtuXAqWlfxG9dYf4MNiUU9LvaSgwWeq8Qfo7zj8QW
2025-07-07 08:13:09 | __main__ | DEBUG | 1787 | dJ83FNREn28POFrawJTAz7DQSo2QOYBHSG4MyvbkZPzOuwmlczVCk8kg7YAU
2025-07-07 08:13:09 | __main__ | DEBUG | 1788 | gr1qAmXOB2BNqBi60OEMfqVg0kxPqdU2uoJJ1Bh4LDVm8q8zwDadlrnySajC
2025-07-07 08:13:09 | __main__ | DEBUG | 1789 | 10tEvXfo1Lp0SXPwsUqJQ3bD2M7O1B7sNmrYTsnY4xlxWx6AOu8IHjilN1a1
2025-07-07 08:13:09 | __main__ | DEBUG | 1790 | P5dnJIN5fRxrDqyb1idzboOAAfJkpVY1dc93Hs91j2NHgm0KcV2aNej3oJLq
2025-07-07 08:13:09 | __main__ | DEBUG | 1791 | ARuWT7ks8Ale7ZbX4G5LYkqFPhyRSaiRV0sravcW7vvmbQY9cmxeLKwjq5sn
2025-07-07 08:13:09 | __main__ | DEBUG | 1792 | ECmXSmS0KUw14yNipanUxIEnIoprgLKyokGYYRitfM9RQXhusWDTuldEOAtm
2025-07-07 08:13:09 | __main__ | DEBUG | 1793 | DIDzSEVieEZIJ17i0meWSGJfdZzp4LssLr8zkN462ogm4B18SfELYPsvQn8k
2025-07-07 08:13:09 | __main__ | DEBUG | 1794 | 17BZVKdcCUx6l0AaoJDximMLIIHhtA3JNnKpjR9OTGkigFqN6wQmdNsj1Kc5
2025-07-07 08:13:09 | __main__ | DEBUG | 1795 | J6MJaXJT2UjyuPsQozGk6BqPVPDGk0u3Z5TTtrrh3Nkxpt1dlhYM9X40fYuw
2025-07-07 08:13:09 | __main__ | DEBUG | 1796 | jDdaUt2kMp0ZJs5tjWRDSE2TSgaUPlkjfnyiv49XRpHHAXL0Rc5BDah8PtNm
2025-07-07 08:13:09 | __main__ | DEBUG | 1797 | GqFm7OUdGfqKtwqb0OxfnPM7m9DlpSLbOQUywI5CznSmLLPlkmH0kbfyc2Va
2025-07-07 08:13:09 | __main__ | DEBUG | 1798 | EdgxFlComMUsSJIUG7zOMltCdCxTw1L9SC2EjtMICPV8kJzlLOkQjHZdZOfH
2025-07-07 08:13:09 | __main__ | DEBUG | 1799 | daS6FXKGVacOIRAWKyLaRqqzm7eHxzR2IwAt0GCqHIgJmQXtonK6wFoX2WW6
2025-07-07 08:13:09 | __main__ | DEBUG | 1800 | Ch4sl4zjwASGi7ABC9KFXF2mBotNvefH5kfthLF5aek9mj2P4dZeFrMGndhw
2025-07-07 08:13:09 | __main__ | DEBUG | 1801 | xsALm4tVf1WmfbZtuaBGnkHpJRI2pyw9jli77EbJgjeCuu8jHJnl7Jq9SJBJ
2025-07-07 08:13:09 | __main__ | DEBUG | 1802 | Eakdx7eG7GLBxbHV0nCm7b2iuCezs0OxU4IJCfofivUNa6k2ptm6miTvr3mH
2025-07-07 08:13:09 | __main__ | DEBUG | 1803 | LPJMXUMchHtWh2dUQw8UWLFZX03qvxZ4HiRXgUVXFLH6f0zXcFLBFUbvrZ8S
2025-07-07 08:13:09 | __main__ | DEBUG | 1804 | WFwdbqFDSyCGXVgi94JQFO271KWyxioZQ7at1jIdbvoRjb77Eq6ty9wxTtxW
2025-07-07 08:13:09 | __main__ | DEBUG | 1805 | pmcWu4L7mVdWmhQmVmX1bmWoG4LX0F4bWpc1oEcvL12ow8zQDTrNsRwIRLxv
2025-07-07 08:13:09 | __main__ | DEBUG | 1806 | Rd9VaqUwwQNYHGfEft3M7mLd8QlWZsbQ6RCEBeE5h2KMdzVeDlDjA5gw5RfM
2025-07-07 08:13:09 | __main__ | DEBUG | 1807 | GRNwIO0Z138UmJkQkvDDqWsZwPBso68QDQuQiYGM4hnF9P9oGXPQakwC1zgI
2025-07-07 08:13:09 | __main__ | DEBUG | 1808 | 79GuqDUlruvRC4MNKmNUOJ3zfNOHH4VTCIAZ7sJw6evnZn0Ny4j2LetnrNwp
2025-07-07 08:13:09 | __main__ | DEBUG | 1809 | sJc5qoNQWDSTIwXtS9O1tqVZ5SH53wAj5BimLjOdl3cY8AxtH8n3S30a4wCF
2025-07-07 08:13:09 | __main__ | DEBUG | 1810 | QYhWbgWArpbB2pH7lVMD02TTfbtwWBfyte1iuamUUBizaYvgEtP5OZKvHP2L
2025-07-07 08:13:09 | __main__ | DEBUG | 1811 | CT3AAUeN9MnSdPxmXF0dUPOrXo0eEWPvfjS01EKO4OAitDQ70Rjr8WRWrRr9
2025-07-07 08:13:09 | __main__ | DEBUG | 1812 | knnFYQHSCPdI36QB5cmDjj40JLLNjPuqAd5NRArmiAuYv0nQ413mvWkcxwfn
2025-07-07 08:13:09 | __main__ | DEBUG | 1813 | 6ygIco2LW8HnoJv5Rq7qQu23iJ4y5u02DC0CTaYSmWvHXHuFLBvgShnrqh5r
2025-07-07 08:13:09 | __main__ | DEBUG | 1814 | UpjPgq3Bj82aEkn0quPNkFZar6Lp93MWj0yYPCRY53bK4moDUzZy29Pdr8mB
2025-07-07 08:13:09 | __main__ | DEBUG | 1815 | 9eC9XaUe2oP4ujuA6C4NLVmNcIcl7ytJj3CWTCFnW6oUhonyPiLGI6dLvoRY
2025-07-07 08:13:09 | __main__ | DEBUG | 1816 | xfAPZijcsQQ8tr3WEv1qQTQNipFzwPXacPQVPRFHTlTghkmGXzgBpAVBjPSb
2025-07-07 08:13:09 | __main__ | DEBUG | 1817 | 2CrLXbr0hRd1eDR8DodZnqsgZG9SBfQ1LkwKLciqr1LLBzWkCUiRhWx2S6IG
2025-07-07 08:13:09 | __main__ | DEBUG | 1818 | g6vcOALV1QtMHjCavyrRmMKfw9TxjEcApPDkFetRZo8chc61qa0lR3uGVUHL
2025-07-07 08:13:09 | __main__ | DEBUG | 1819 | XwNnMUbcad6tQusyp4Ar7kyOhkUZkm0xzZ1DQZkscBotHUPZ00MPGmviMK6a
2025-07-07 08:13:09 | __main__ | DEBUG | 1820 | 3scYUJgs2mNLzt5eXcpn7RoxVbacMzVoKPaap87wLPF71SZZcbNlzWzLx2t5
2025-07-07 08:13:09 | __main__ | DEBUG | 1821 | 6BjdGBfMZpCBthCTOoqd5emdSczMDtMwoVlj6fjqpEgbMtXFLXcEIHBm69GD
2025-07-07 08:13:09 | __main__ | DEBUG | 1822 | FmgkClZ9c71ZNP1V372z6NSL0oh2K1zyMi9XMkYXa6iF0hSifC0OXZEM1CRz
2025-07-07 08:13:09 | __main__ | DEBUG | 1823 | z8p3JAAQ6ohPjQ1O0FySvqV6lVqj209LN11JDAsIJP5Yxj6fbJeBhfqH1fYn
2025-07-07 08:13:09 | __main__ | DEBUG | 1824 | YeKfQ1nlsHDvTdc8riFL34n0uc6pawSmpSYLoUVCXBilgXpGnf7Rd7L4F7NR
2025-07-07 08:13:09 | __main__ | DEBUG | 1825 | vivs8UAW2VYvEIQ1KdKeAHDjdaRWSEuiT3F2ijhfUBJlAxBjInjXnUxsNVfw
2025-07-07 08:13:09 | __main__ | DEBUG | 1826 | n0engfdK7WQPYfABmWoNlpbLztXLogYBusMytoP1FSmz94LSAwTfpLjNBL1I
2025-07-07 08:13:09 | __main__ | DEBUG | 1827 | GUtXOiZLadE2LShC28xwemuNFnyYiiij0stSRjDj8DGhcZj1Ld5zXFG4iXbA
2025-07-07 08:13:09 | __main__ | DEBUG | 1828 | k1j4gFnQVmqViZ88yd0tRqCfMMKkVc0rY9bg7k5zhUkB1Xl1O6LCxQVoLb1o
2025-07-07 08:13:09 | __main__ | DEBUG | 1829 | TEHskddWZr8KUwpbfQiet117vt66TnkBtPfG72het62YNBvirUXdesYyfB8k
2025-07-07 08:13:09 | __main__ | DEBUG | 1830 | 4cZl22X6OQP27BPOFrCr06fNZROHTpRg3jBPnW2IOjIpHy1TM3HwsHDPURkx
2025-07-07 08:13:09 | __main__ | DEBUG | 1831 | xEpuk3jnwxa7CZrKXy3UXb9Lfxl5dioS7HBa9C6xQKCYQu1QW972DDwtWMTN
2025-07-07 08:13:09 | __main__ | DEBUG | 1832 | a3nXDVzUEgg88uuLvgBgNCltAVWO98jfnIvUPbIsXNjBU4hqTaiabgi91ulQ
2025-07-07 08:13:09 | __main__ | DEBUG | 1833 | e3jpyaMwG39zzw65xyQWXv3vap628qHbvWJBvQ6Pw70gHszlLaZPr8S8b5uX
2025-07-07 08:13:09 | __main__ | DEBUG | 1834 | m7EDsxnQywT2g3HYDQhJX7fhigGkjS6Ayhygsd4PRwfWKaPXk3YrDUUglyQI
2025-07-07 08:13:09 | __main__ | DEBUG | 1835 | WYJelT0MQ6mxr0ZyrukZAOdFEHVeJ1u1X2LRJNVgh5ZJnTiCaU8b2s1NsLiK
2025-07-07 08:13:09 | __main__ | DEBUG | 1836 | DlWdKo6oP6bGRMIaETxb37KGOVELe1AV3XAzcseGUkrcP9mm5rmGQitb6dLw
2025-07-07 08:13:09 | __main__ | DEBUG | 1837 | iboEIZQqImutIR5PzEvTWbVuZuEVpydUEGJtC4fcodRdoX8KcDUu9ZRJjWEe
2025-07-07 08:13:09 | __main__ | DEBUG | 1838 | V26va1ZRHneknK6bydOe7WsaQUJcpNtqP4MlDBoyPdTl4Zh9Hi22pTfwJ0dS
2025-07-07 08:13:09 | __main__ | DEBUG | 1839 | f0eYo8AaZxLRewm15XIzcPTYRBAS9BMujpSebJbFt8DPlVFlB448hXSsygMU
2025-07-07 08:13:09 | __main__ | DEBUG | 1840 | KtaspJPilwwcl8dMGNFyduAiBwsWfIksVAEuDf1kExObqtM80oZjI3UHYTzD
2025-07-07 08:13:09 | __main__ | DEBUG | 1841 | QhdqqG6KMzxaCB5GAHc7CY9e0XGBTougrdcPGCDptxGu5AGnzj985oPfhVnT
2025-07-07 08:13:09 | __main__ | DEBUG | 1842 | JR5bEd3HWSOcnX7GscFtT6kTrQHzgtzTWB5kkWgYwEGDgs3uajVNABL4Zzpd
2025-07-07 08:13:09 | __main__ | DEBUG | 1843 | p83iRaNcIvVYzxZPQk1GWnZvf0OPFJmgF9O85ReGY9yI7o0g4zRwl36KfunD
2025-07-07 08:13:09 | __main__ | DEBUG | 1844 | 43PEOfdHJGgplDqhi8OFAIkzBeToe3vVc2CupufbiRZ8R2y4BAEOShOZQyfC
2025-07-07 08:13:09 | __main__ | DEBUG | 1845 | 6UBCqEicz48fcZhDMkxLPvb0ZcQmEB2r679liKA9nEcVMFKWlxEhF1kICz9B
2025-07-07 08:13:09 | __main__ | DEBUG | 1846 | wTfhmY16VSji2TtQV06YlxcwGM1BfWx3IOZH867QrAjAbpcWtoOChvNC2ZqU
2025-07-07 08:13:09 | __main__ | DEBUG | 1847 | 4Y5RG9ltnQYrjKuNykF9xkBADs57nZLwmptq3G4mkhmjvPZXcEdGmNj0Rr5y
2025-07-07 08:13:09 | __main__ | DEBUG | 1848 | 9XEjBF6GUU12pSCPn6GZlGtqQh3WH4ySK1boiyBMbS43vq634W06d8EYBe5N
2025-07-07 08:13:09 | __main__ | DEBUG | 1849 | sDuYPct6CXHmD7jCIpoeIiiasixcxdoKA8cdQxRXSv4KtvXwIVTpuC9GQKzk
2025-07-07 08:13:09 | __main__ | DEBUG | 1850 | 6mGmXKhuVdeyKU40WyVpuvORgkl3nnDZAiU0uU2wA24OYCCimCjZ6YUXDMgr
2025-07-07 08:13:09 | __main__ | DEBUG | 1851 | ydBdwSPmfhdY08VPen27tMEXTQN1YUncmPXM4wqxmfJDQDatJTrovkkTJMwo
2025-07-07 08:13:09 | __main__ | DEBUG | 1852 | qV951yw3Qh5qriAgPXErkLfFt8PwlMLmZLeb1NZtueF3yEUEO9D9frU9bbP4
2025-07-07 08:13:09 | __main__ | DEBUG | 1853 | d0avWrW0EuQJzHpjl9RBwR5qHDHYVAnumeGJNJDQltjVWIwahBpupFBYutLT
2025-07-07 08:13:09 | __main__ | DEBUG | 1854 | 3slWaPMwhqMQBbx79zXpaNaQU5FqaeOm55QQMKDJ2odibAsnU130DcioKVhp
2025-07-07 08:13:09 | __main__ | DEBUG | 1855 | dMnR2a8zSzPJItRKCwKp792Bhx3RI9fWXWL7lL2usQn5rz4OqmxJqX6e6Uuq
2025-07-07 08:13:09 | __main__ | DEBUG | 1856 | E3rDLsPE4Cee3O6yvJgQ0p3rNGnklDnHhy8oFkox8j2hRIWuSmx2EARQ2K4a
2025-07-07 08:13:09 | __main__ | DEBUG | 1857 | n18RTWOEOe5t4JVzvgZBM2pYcAZ3jAhcHLANIbGtCWINSt7ZEqruGqItzftO
2025-07-07 08:13:09 | __main__ | DEBUG | 1858 | R9DfnmVCZdlmbgsn3YcghR2pkHy8FIoPZufoEpHGrRksSFTGBGuUO3ct3sJZ
2025-07-07 08:13:09 | __main__ | DEBUG | 1859 | OvIUXDO3hosZSxHeRqNCje7APd7gSVQqgpfDUUr5zMxY1lC9CPVoWjDrZKhk
2025-07-07 08:13:09 | __main__ | DEBUG | 1860 | uxvJWoM8Xjq3qXnNjb5hyzMyv2BshKDatxF9EyBHHn5P6O4XBijLKU2Shf32
2025-07-07 08:13:09 | __main__ | DEBUG | 1861 | FB6FhGM0y2CtdmRBFnbuRInSAlaMGh8hsJpz7FdwcmcfMSMBtLeramewfIFV
2025-07-07 08:13:09 | __main__ | DEBUG | 1862 | UgaAHAYTRzN823mapFi9gGpkV80ZRM4XT1YBtUY1RbJ0S5nJjOmkxDUADdoh
2025-07-07 08:13:09 | __main__ | DEBUG | 1863 | 8tGavnzDQtoxjBabxIFsVUiA6dDcJSQRVgqrA0cFTLuatAAuuV0sNVeDDZMd
2025-07-07 08:13:09 | __main__ | DEBUG | 1864 | nj7wwKDs4heLOJaUnuNvPnYbGWMV9gKD4tcHfdUpSJcn7riRQADmyAXjWLe8
2025-07-07 08:13:09 | __main__ | DEBUG | 1865 | 6EusL2z3cVtj0McIhjLRNSgorK18um1i5uhZ3o9cRZGdMjGDIOEryXKvTa9O
2025-07-07 08:13:09 | __main__ | DEBUG | 1866 | B4nAYMn5NwX4XLVEX4ZBd6PICg4Q92sc5ToeS9rmVzoz1IN9IdzwTwksvXIL
2025-07-07 08:13:09 | __main__ | DEBUG | 1867 | IJ2CmDfk5TD0ScZAzbTChmTy8G9CGk2OyRHFNT2gJYYMPHPWI1yunEiUC0gI
2025-07-07 08:13:09 | __main__ | DEBUG | 1868 | DwDF1TiC1TOZcCDXxpVHBeZleZkXRPUC5bPGD8WVuDJl54ew3Q6YUieeq0Tw
2025-07-07 08:13:09 | __main__ | DEBUG | 1869 | VAHVT5ClmjJ1zvb4qcel6JWhn1xOoLvzS9OryPD4stTrNm13gYiUJCAZEt2M
2025-07-07 08:13:09 | __main__ | DEBUG | 1870 | djJSmbrOEuijuPtL0AzXvxyhnCykdM9u6FrVba0Wgq2DUm8SLgAbT1LXtyN3
2025-07-07 08:13:09 | __main__ | DEBUG | 1871 | yQAqeQknWrA8F4TWlMzROWCnlsqllhAmFegVUf1gUsCws7sNEpeUwXk7F8m3
2025-07-07 08:13:09 | __main__ | DEBUG | 1872 | 4q0oY4AcwiBdHTOOcDqoXMbgFzpf0CG9uPGbiVBZ9FM4x8ftyw5Ly3AcVAkY
2025-07-07 08:13:09 | __main__ | DEBUG | 1873 | fP9NgOcw3zldt2TqQ6qoqDeTx5QsZgIdEqolR588gyfCWRMa2JJwg30bKVg3
2025-07-07 08:13:09 | __main__ | DEBUG | 1874 | CmQYKGFFTBIXsDR7F1shLFBhw6jqf46TxWAB8QUmwICYtOxTZGPK7sleKhAK
2025-07-07 08:13:09 | __main__ | DEBUG | 1875 | EIoHUCP4SGOdEsIriQ0YFEkYdDNn2NiCup83nrntyP4Flxr2qwA4TtctUe1G
2025-07-07 08:13:09 | __main__ | DEBUG | 1876 | Q6bxtvzWZglMxwxtmZ0kaEV2hMvuRCqCm13QHrAnqtQ7fDx87kCyns7hZKgL
2025-07-07 08:13:09 | __main__ | DEBUG | 1877 | o2ov1NB7A2GqKRW8BSxekIlucxNEgevnz17piEbl6PRJ2U22ProLnBA4LSHw
2025-07-07 08:13:09 | __main__ | DEBUG | 1878 | deVjoXmpTHuaIteql6wwogou24Z1tlZCHG1YSQGL7kqbgI1zhedr5XvF1T4P
2025-07-07 08:13:09 | __main__ | DEBUG | 1879 | yFCWMEbJ82nw1mbTKP7Iao6uWt43XW0La5NVMnQJiukyDonBho7vN2uWVYuF
2025-07-07 08:13:09 | __main__ | DEBUG | 1880 | UrpHhskUjE9JkkX61UW49P7M9A4ztFOiKhalIjshveF2K1OAwqLC7I6qGxpD
2025-07-07 08:13:09 | __main__ | DEBUG | 1881 | qFEuaNbl8CEDIj5TELJ3wAcauWIrVNPsOccPMKl00dgPWYSKUQ445vifhlYL
2025-07-07 08:13:09 | __main__ | DEBUG | 1882 | bQZ1G0AF1MivfB8s6HxXHkeWZHLxfK7LOHdFVknDBVTY1hHjwplNYQwRD708
2025-07-07 08:13:09 | __main__ | DEBUG | 1883 | tWYbY6wJ0qbYB8RSL8dbrY7SjQkfn7GwN2prGA9swjgiM0putPjo5a1HaST8
2025-07-07 08:13:09 | __main__ | DEBUG | 1884 | JBRUfAYdbbrq9n1u2E5lMpog2MLRBxRdfKcufoPWhex5I4NqckfFb2PiE2as
2025-07-07 08:13:09 | __main__ | DEBUG | 1885 | 1HXmI3QqELKP5SJDy2Wemku1eSK9DtHhZC71nzGhGTagh3XEYqsuYJHz9tZQ
2025-07-07 08:13:09 | __main__ | DEBUG | 1886 | BjXJmmo5wvawbMaqb6VFzFh9lV6UVFxgGvpAXn8iLoZfdeBlX052AGcto9df
2025-07-07 08:13:09 | __main__ | DEBUG | 1887 | dPTrbxjgLr25qg3cOj2ak1M6IMOVPVBcVJgWg1TBCVBbZ3mXpxOVbZpoSQ4l
2025-07-07 08:13:09 | __main__ | DEBUG | 1888 | VzIdiBMyweb9IXv8rK5iD4waiNS1PQvNKDSptZEDp3KI5edjO4qD4XO2dUOh
2025-07-07 08:13:09 | __main__ | DEBUG | 1889 | zEAefGzx3pAuj2ULr8IK93eIgkLNO8oKz9vDYDSZTRGmcSXUA29vlhiWdQlK
2025-07-07 08:13:09 | __main__ | DEBUG | 1890 | 6wCmnVUi7CSUmgsrUPkyNG16TrOW60jeFLUlgBppypKkSEhdSTYU3WgVsa52
2025-07-07 08:13:09 | __main__ | DEBUG | 1891 | j9P2gkOqv9COAlZTU1iykZvBz7TuSnlLcyq84znptd3VnGqg5axDaPIpbOKV
2025-07-07 08:13:09 | __main__ | DEBUG | 1892 | se108RSElnAnQm3UrgGHzYLxf03JYgaAlPs8PcNFzbl4fJHNzokuwSxykJY5
2025-07-07 08:13:09 | __main__ | DEBUG | 1893 | mMiOxdKEC8qseGowCOKJFnz3ql89vYc2ezWBkrFLrWlNC8z6cOorEywumX5l
2025-07-07 08:13:09 | __main__ | DEBUG | 1894 | 8zPMlEKSWUKLUNevUgXuuKvdBokVvmjgNmnnscTfBijeYaH9UDujfFIAiMGW
2025-07-07 08:13:09 | __main__ | DEBUG | 1895 | S6bkT7WwW0SScKggJiNMo6wqncU76ffsflCCnkmyhIbP1BFq0KsyD3MB9Cvu
2025-07-07 08:13:09 | __main__ | DEBUG | 1896 | Q2BIZ7HZRxPzNdx2f9hQARoWfhSIol32ypL9VSk7IAcqF9RSFCqbjRRqOpGq
2025-07-07 08:13:09 | __main__ | DEBUG | 1897 | vcLcMO7ZxOkcxwfQ2OImYJLWbHudFTL2JGLyoYUUYk5jtNVZaPYnfKqxR9G1
2025-07-07 08:13:09 | __main__ | DEBUG | 1898 | KVBIR32WkXw7p1F93XfHC3ocZk1ePCeADrdAtyf0mYsMiEJ3ReoCpGn8VxOz
2025-07-07 08:13:09 | __main__ | DEBUG | 1899 | 6EQwLUobNnCGfhyRksWUdDt1jjcAOZzuFHbKD9i9E4JS9qxev6SF9zz356ud
2025-07-07 08:13:09 | __main__ | DEBUG | 1900 | CIxd9L1h03lAj0DlNEcwtoAeQLYQ1xqtZQMA2S5TOT1SbZSmvJEEunrP9oRH
2025-07-07 08:13:09 | __main__ | DEBUG | 1901 | aTVaw4XH6BzGXLwESVOFTh0TBSZKVIgn2q2I3GyPCwcazEe4FeEkUlHXNGga
2025-07-07 08:13:09 | __main__ | DEBUG | 1902 | VpLJawde9VE0RQ21i7wn0XFMC0gupW05qfhkXuAwIp9vV76pY06w6nb5k6rY
2025-07-07 08:13:09 | __main__ | DEBUG | 1903 | egixUarGFrvfyel3kG0ImUWCqCWVPfNwXHYpcoB5VtSyKCH8Cf22EEZ6BmV7
2025-07-07 08:13:09 | __main__ | DEBUG | 1904 | M7a6h1dkKb8ZyMc6nQgYc2QJGCBc947NsMCDH6AcOB8RvUgpuTvflK6L43g6
2025-07-07 08:13:09 | __main__ | DEBUG | 1905 | UDt6JNcKfI2r7m3RjPjWCk1gX0MaYhDXfCYVrdvfm7QCkxyehawCDJMYbBjS
2025-07-07 08:13:09 | __main__ | DEBUG | 1906 | KUUxnEanA8AsOKMp2VT7KjX0XfWR79DvGuTdrsBQ4mW83nNWJVC8xd1xY36q
2025-07-07 08:13:09 | __main__ | DEBUG | 1907 | ML3YNLPn7O0BU36U6Kay2PV4JPswdsgx5Ng0xIrwlwcjQm5b5jZJEdUFEPGx
2025-07-07 08:13:09 | __main__ | DEBUG | 1908 | uvahYyEM5WPHEkWUZ5ghHxyUzGlvVArPFRlPUXuQ6PuBWnDOip65rQ210D6y
2025-07-07 08:13:09 | __main__ | DEBUG | 1909 | RfUsKYhQn5iG12lPVX1rax2NOraPPfSCA9Xp5tsdjkFxta5a8okuVBHXUkwp
2025-07-07 08:13:09 | __main__ | DEBUG | 1910 | yVDN5rS8DgR0LBpheGs4tcNtY1VKKAfUJwvqjDguTynocxgfzLeG2wgMwyOF
2025-07-07 08:13:09 | __main__ | DEBUG | 1911 | wyLGmM3WUxE9BSWbJthnC3V7n9kYOQReMuJd0jjCXfSbYy0gjC1b1E2SDc8N
2025-07-07 08:13:09 | __main__ | DEBUG | 1912 | qQoDnWhVisn42nZT9SZWpthtwWn0jFZXBKvAJTHFv2qmIZf7ClQDU0AosfNp
2025-07-07 08:13:09 | __main__ | DEBUG | 1913 | JHiGdR9QakBfe1u8yFDkZQeqDhxkaurKm3e3r3wLOwwHwANbx0vFaY3yAfLx
2025-07-07 08:13:09 | __main__ | DEBUG | 1914 | h0xBPpdZMQzt3mbIwyYB8nEC4sQQtGzSx8VOKPD9H9fclu9VScadnNNXkmuX
2025-07-07 08:13:09 | __main__ | DEBUG | 1915 | ItJWI5MySVYVwzjU2v7gZZVTMb2ikuoG83QwrnKSMVZ4HRIFg7lCwmDQFHv3
2025-07-07 08:13:09 | __main__ | DEBUG | 1916 | GfEVy21XU43dO7cQXZip7EEdcTp0ZPdWIY3ZoUDWmAVHK4H8ZZGlYfnovh9D
2025-07-07 08:13:09 | __main__ | DEBUG | 1917 | y9ZUQcsCmcxvilYRgUuHb8xeaFzCn0wyoeL3AhXdzRSz6sJEoVyHAKKtaSeO
2025-07-07 08:13:09 | __main__ | DEBUG | 1918 | UHaOdZ1ic6vqbMwLinsTmuJwFX8nGd22Uwy7QBjQLXHiyyo0jkVh0RB6q1pt
2025-07-07 08:13:09 | __main__ | DEBUG | 1919 | yQlnWn4YPH7UESlzpaZndRtlKsK9zl4pZ5hfL2IJgj7y9557XZ31SvKu6CIy
2025-07-07 08:13:09 | __main__ | DEBUG | 1920 | WJzeBx1dlrCkKI7XGcB0sSyN6DcqEFUhsoltyPyYfqvASiWfJHlLkqNy5FYs
2025-07-07 08:13:09 | __main__ | DEBUG | 1921 | Bn6dfV0xwJwh6pzr6qBkHWW8C1bi0s1q4thRgYrqvf9DXI2ilGvylSWVvvMG
2025-07-07 08:13:09 | __main__ | DEBUG | 1922 | MCzDcbJFgONmLgjSmWGYosAWzB6HPKeTIlpl6Q5PHOkINANE1a7cHiKHud02
2025-07-07 08:13:09 | __main__ | DEBUG | 1923 | vBy9cbVM5ncwZ6vEXJd1OlVm1bOdvdV6qiN0wZW3KGy6wPAojJ75oijwZqO6
2025-07-07 08:13:09 | __main__ | DEBUG | 1924 | 7hoNmiwgRUWMtuDgQKBQlQUdxO7piVr5VbgHuubfUCRtmwMSz7hcA2HDYO2f
2025-07-07 08:13:09 | __main__ | DEBUG | 1925 | 2uFusJBh7X5nYJPdHMumjarVUnrHpQgkspfw7T7Pwz3zAN6gGVqwQs0twh0K
2025-07-07 08:13:09 | __main__ | DEBUG | 1926 | jEZMAz20ieNVezgobWOO6wTZq3A9VnJW4weerswPFtfHbFI2iA7Dji2FMdwS
2025-07-07 08:13:09 | __main__ | DEBUG | 1927 | ERJIgzytOXt0TfY3pI3i5Ulh1BrKvuKb1Sa166sISo9dPa9jO6vJjgqo5Z7m
2025-07-07 08:13:09 | __main__ | DEBUG | 1928 | r50UrxCpm3a77JhxxEMZam0TQcdQ7vkR8VD9AWyPXr3BwkgSPYEOyNTBj3My
2025-07-07 08:13:09 | __main__ | DEBUG | 1929 | JFQvYA4OPRZzSV82s03oQyQLS75CWjSkmiFoBL5inXxlzGV5iCaz1XYDW8Ff
2025-07-07 08:13:09 | __main__ | DEBUG | 1930 | z7zfRtJUPEvuJYYrMHqcnoFj2E83D4VZx1raA3RJz6ifcTc6lmbmEGl2Xzoh
2025-07-07 08:13:09 | __main__ | DEBUG | 1931 | MTA4NgDLZVjbQPQfM8o1hcKYRcYxGHg3dnIVkG8z9CzgqnmeLNNWPBc0tpq2
2025-07-07 08:13:09 | __main__ | DEBUG | 1932 | cgsnuOB4XGQ5xvLg3qPsGFh2w5EbOu82S9Xe9uL0V7Hjj32WBeu5dpbghiBj
2025-07-07 08:13:09 | __main__ | DEBUG | 1933 | PxVOrnq0LTTr4fnMzYES7zInXAF7otfo5CRCihXMRBWwgy1C8BUKcoMAm5qq
2025-07-07 08:13:09 | __main__ | DEBUG | 1934 | Ph63YxqIait1VOQ9WvPpYOSth9OQ9Gvi2h7jxXidHZCCh7VD9DD3bvShyozV
2025-07-07 08:13:09 | __main__ | DEBUG | 1935 | QQ1y6qOrGb7BmOYhEHeolFC2ahsB4WPrSbuHSpgUaykUmB1BGvW7bp5ScLCk
2025-07-07 08:13:09 | __main__ | DEBUG | 1936 | PbOTqZAfMtll9OxhKNhVyNryXwhTR5n95Povs7NKWBaZnHArmIElWM6oACMh
2025-07-07 08:13:09 | __main__ | DEBUG | 1937 | XHzV0pUsrFxp5757fJIKhib1rt7mLgK0RqT9NHSYU4GHGo0GiNKZSyDHN4wp
2025-07-07 08:13:09 | __main__ | DEBUG | 1938 | tVQCrqxIXMpTbOke9Bx2Kn2JOqWBaU643ZuDUeYm6Rr1l2POSD3niOIdykUt
2025-07-07 08:13:09 | __main__ | DEBUG | 1939 | ufIwQfx1XQA6RMPfFccl31ezZgtcA92tTSIgEQX1Ecc3ZhL4hmetb2P7ulgC
2025-07-07 08:13:09 | __main__ | DEBUG | 1940 | h7sIDuctcW7xqB1F6UpO3GDH6FlPuGnA3eQthLj8W34D38KUeOdanIpjn8D1
2025-07-07 08:13:09 | __main__ | DEBUG | 1941 | CrnnCBE5sWV1tlhGpiiWcIfrFUaFLblZHH92e5cChLGFzjBl6Ia9yF0z4fBP
2025-07-07 08:13:09 | __main__ | DEBUG | 1942 | W6wy7tKWlRkmrEe3k21Gwc7GFq7tJpgfqDirvq3pxi3og8Qt1rOdwZSCqP3X
2025-07-07 08:13:09 | __main__ | DEBUG | 1943 | oh8cicN0MGz2WadpjpAVOTgCTo2oMPN7lH1Er7YW2eTIWnMzunOx5PEs7lPW
2025-07-07 08:13:09 | __main__ | DEBUG | 1944 | 3ukyxduSx0pJ3YzQQZpaGQjWuQVUmxkDaAln6jl8VzsoY5EMJ68guW0JsJxH
2025-07-07 08:13:09 | __main__ | DEBUG | 1945 | jyD7pkrnLLF5X1UdubENeIvN3nowrOaFHOSb8rg6ZreNjsrPNO0QnN2CQosG
2025-07-07 08:13:09 | __main__ | DEBUG | 1946 | 1GBXxCIed3MKtN8r874EM7dNRViWEdgwCkBTk1TRZlltDjxlp6yNazQiKVH9
2025-07-07 08:13:09 | __main__ | DEBUG | 1947 | SXOOcayaelAfNjtVNLsAOCWGyqVmIGzqkFkM6ycMv5G3nvMrOfiQlcQKx7Np
2025-07-07 08:13:09 | __main__ | DEBUG | 1948 | rGT2tdvn2JA4NHFGo9cuXWyekYcGOTMcwFsWNtv2hjaQpVngSdWMys4y3HXu
2025-07-07 08:13:09 | __main__ | DEBUG | 1949 | omGiWCgwXje4hw1csaRIKjlRRhLiVtYTKmrW97pVB4Tg8OvEZ91fNwjj1n2X
2025-07-07 08:13:09 | __main__ | DEBUG | 1950 | ejV5lu19OLaticjMoQKZu3yIT5YPsqy1LCU9HQhj2L0NyNbunYUOVVQPrXVb
2025-07-07 08:13:09 | __main__ | DEBUG | 1951 | s1hiCPGwrCi1r3iRgX0EOsMC7G6rs4ziUJZNNwcmnrmRiX7O25kzOMyv7BvR
2025-07-07 08:13:09 | __main__ | DEBUG | 1952 | q5DoSCsVpLWNUEpkIvMNqb1Jav614sJeZRqkcTfWdZ9Utq0pdZEkB4x6urDr
2025-07-07 08:13:09 | __main__ | DEBUG | 1953 | owmKiMNxA5Q7ITL9jJ4CrD5syMKoH4M6AZR9PpycyvyWSnveBgFs7xt9uY8e
2025-07-07 08:13:09 | __main__ | DEBUG | 1954 | tTXAdM0ZnhG7SvWHsVI2qVADK5AbgfSk3ovRwWCcyyhKvHP8XLUxYBUgLC86
2025-07-07 08:13:09 | __main__ | DEBUG | 1955 | PERCayvXj4uwSVmDJu7jYssXP6qqfeqtVylqwTvevFrVLOSEHhUFRqNdZIYM
2025-07-07 08:13:09 | __main__ | DEBUG | 1956 | zQkpvVrfVu70PwyduTU1C2hNBsZURGSWpIYpu1S9o7jHE2i9BXowdQKCjdD8
2025-07-07 08:13:09 | __main__ | DEBUG | 1957 | copCMm1BObZbvFxdQNOC6sZRdNzWXtk8jBUQjX3XMj5vQT3CXecn6gYR4P1V
2025-07-07 08:13:09 | __main__ | DEBUG | 1958 | c3WTj53u7Pqh61d9vUUIdDenJZTffVGp6M4NYiPOhsQdTUktUgNGs3YDrhV9
2025-07-07 08:13:09 | __main__ | DEBUG | 1959 | rF0fYnpBSceWMhPSS4rM3TSfolhyUm3OmuuBcfK5lELbudfOVrdFc4BnRN14
2025-07-07 08:13:09 | __main__ | DEBUG | 1960 | uCikInVnQs5cRxS1QZ0DiJYuI61VQngg2LWMlFvhTgYcnB7TkKCkuraIgdsU
2025-07-07 08:13:09 | __main__ | DEBUG | 1961 | AZAh63nuWywfQuqIEzBR2ylYMKb5aaKWilwnZvgCd8fFDaHsW1xvg2oAQf1b
2025-07-07 08:13:09 | __main__ | DEBUG | 1962 | lESfBZVzahkeosk2fkeJJVQhJEZ0gMte9kovLc4eofobxtwINqkCLOcOOrwy
2025-07-07 08:13:09 | __main__ | DEBUG | 1963 | lbbUs3ylJMVOLgLXe5Uiz7rsGgCGk4bIoZzOjyyaTa4tDa0X34xUeJafGDtb
2025-07-07 08:13:09 | __main__ | DEBUG | 1964 | wzZiV5twjk1RBXshmXFNJK22fViOOlPUSThx4SOAFXn2OxRtCgYCACLjsVB2
2025-07-07 08:13:09 | __main__ | DEBUG | 1965 | ZMN0Yq3SCEvMxVFwaZnJyUWCgY2nC7vBCdn3tiG3kSysiv7fUoKMJziUwOqv
2025-07-07 08:13:09 | __main__ | DEBUG | 1966 | awpPlo7CkVipacCSnUJHHS5hGjTjfOCIapTBTlap1G7v0emGY1ICeCZ3ro0k
2025-07-07 08:13:09 | __main__ | DEBUG | 1967 | VQja5KvqdYQ3OpYBrgUwnk0M6JIaJ0ZY3as1kcj93bvfa51ZFu2dDChKHMGv
2025-07-07 08:13:09 | __main__ | DEBUG | 1968 | bjKeBOt1ckMXThtYJLmrvMfRPTAuiyPUf7JlHhqUwjXmGHp2eJjp7mlHFkMn
2025-07-07 08:13:09 | __main__ | DEBUG | 1969 | vG5tPa5KvMwQBELYWHNoBQOE2t3sD4pwfTlot6M1XTUv538XazAGCGqFFS70
2025-07-07 08:13:09 | __main__ | DEBUG | 1970 | el8PcvxPFUyLZb7cgxbEjFquOteo1SWHMop1ywSypBT9TasisQwkzf2VcTid
2025-07-07 08:13:09 | __main__ | DEBUG | 1971 | z9K6v6vGzQ8HzYe5TUbysQO9qkFhaZkiMcc38s8Mjw7jlknTRvvhtPR7UN6S
2025-07-07 08:13:09 | __main__ | DEBUG | 1972 | Cpnkh44LV0mB8lg9ufPWhcEDusBSvhFnEwiYefRyScQD4DV0u40VYrAW2Vxw
2025-07-07 08:13:09 | __main__ | DEBUG | 1973 | IKYINpdLwsWATqrUu07m4Qv1T2BrvvTXsglcW72iaZb4wLwlJhtz5Dzubsix
2025-07-07 08:13:09 | __main__ | DEBUG | 1974 | x9SznyCR6Wcl4ZAnULpjlAVKWMyyZUlA3Vjg2nf9Hg0p4WWTrrdbNyuuA756
2025-07-07 08:13:09 | __main__ | DEBUG | 1975 | jzC5moP3RGGXEJJM7UY0uuaFo5e7RRey3CdaL4fRAIIOtB0QLyT3ahZNEzQK
2025-07-07 08:13:09 | __main__ | DEBUG | 1976 | yOcEqS7j70mtwq2mx5WUcK0FIJ3GDA0Sb5mXrIh4jjjepNKrta5RtyNpIdNB
2025-07-07 08:13:09 | __main__ | DEBUG | 1977 | KVkBUZCZuiwBPrdssnvZPjPo8s5jHP9NLHzWU78PrGKoYV9asiuoOvXSbmDr
2025-07-07 08:13:09 | __main__ | DEBUG | 1978 | PAtykfCRYdCpKdebxjlI0lFALxzxQVf3Q0wzlxtRqmpiQHu01ajVuF4mBQ3z
2025-07-07 08:13:09 | __main__ | DEBUG | 1979 | qtrl7H4NGse22msXP5CrxvPWJSAm1XfOfmi8TGDe2empvCTdFPEZht6LSC09
2025-07-07 08:13:09 | __main__ | DEBUG | 1980 | vA4a5CoLHJe3GbSCb950g30CAxl3CdTZUmHIK3YCkkZkfwQyCF1IchtufPLX
2025-07-07 08:13:09 | __main__ | DEBUG | 1981 | USRw3cJEH1sy6z3F3LQXVwTKUdP9DDxTJT93JjitqgpNUnCqBvAzL91Hx9kv
2025-07-07 08:13:09 | __main__ | DEBUG | 1982 | 5OEaDLVIwYrZe8hExKO9vXb1DJmKLdRLwlowqPX4Svc1UYV7Rzgb0nGQM9gv
2025-07-07 08:13:09 | __main__ | DEBUG | 1983 | sQ9zh6A2TmRYRi6peFbX7jYDSAb7Zdx1v9yqJnsf117RsgDrQCIGPG1dXYfK
2025-07-07 08:13:09 | __main__ | DEBUG | 1984 | 8xjWyHLRJhCWZeKinom0ekViTxgt9JJAtuX2nrd0LVc7lPdil717gGj266KJ
2025-07-07 08:13:09 | __main__ | DEBUG | 1985 | vWlWIdiVQS8dOjyclCEIKASfvrLMNk7y2SrNYJp1XG0sv2kNU7kK828offqc
2025-07-07 08:13:09 | __main__ | DEBUG | 1986 | 07ArqLVZBaS9biLkp5RUOj5uLaoVXI48RnwtCdW5TohAdBs5VCKSgzm7D66g
2025-07-07 08:13:09 | __main__ | DEBUG | 1987 | 3VMWlNItn5qvHHprchRfLFWTVnT0FEoWi19uf4doz8KWlrtG05CEvNHQHo7p
2025-07-07 08:13:09 | __main__ | DEBUG | 1988 | Y970uFn6UwCS5cgQECJAoXsVfih83dSwPrGKsFVpapWpLhJSqw64ODs0BSk0
2025-07-07 08:13:09 | __main__ | DEBUG | 1989 | 2OvbbnPmwuB14jwnQdVR2quMnJfHK9t5P2jHI72ww1KNxTQUIGQBxZnXbRjo
2025-07-07 08:13:09 | __main__ | DEBUG | 1990 | xb62tIZuV0KeRn0hwgXiktMDE5EaelQku1qHEEopAeJS65CwtatOYQdBGOP7
2025-07-07 08:13:09 | __main__ | DEBUG | 1991 | pyZxfBaGbGx7lZmqoK76OV8kzOcxHgMEp0QB4wY5rlnZ5D4tfwWlIA00xZcS
2025-07-07 08:13:09 | __main__ | DEBUG | 1992 | zmfDBj7RFygrR2Q1YHM5aDALkhBE7n5uUPz0DOmYBRni559qfiESghJGSfIw
2025-07-07 08:13:09 | __main__ | DEBUG | 1993 | EYgPbiAfZUlwaFytEZ6N42GVhirEUM7j7SVfS31oyQtgG1SyFhjnH1rUaF60
2025-07-07 08:13:09 | __main__ | DEBUG | 1994 | OGefupNBEY1LEQMjWHv3aqi8YiWyaUqAjbt7jJiAFS1Os3Nj2g4TueMqKUYX
2025-07-07 08:13:09 | __main__ | DEBUG | 1995 | GUvppIXaxJ5rEAm1iYGJ3EN9krB4hqRWbj4nGtcE26ib6rGIOxjzwypphk0w
2025-07-07 08:13:09 | __main__ | DEBUG | 1996 | EO27g6hPxKJrAgBZtiMlKJ7tzGLalPss14L69GvjxhfAMFcOD88SWXOh1wyI
2025-07-07 08:13:09 | __main__ | DEBUG | 1997 | LhBcfBBL7O1DccVVYHCHGqY8WlX9Sb0DOgOjjg0McyoQCa44Dct71tqg3e05
2025-07-07 08:13:09 | __main__ | DEBUG | 1998 | SvOl8R7MhFyb7nP3BkSNOBAcMBnMDT68HZ2TbVV6DmEDNS4wQhsEnN4CpqH8
2025-07-07 08:13:09 | __main__ | DEBUG | 1999 | iZbm266RVPIpzhSXc3RNuCd3FW2RafBq7Bh5aoyhrCFJzLmMCZwktHRNIyQn
2025-07-07 08:13:09 | __main__ | INFO |  Demo run complete; check /Users/Thomas/Desktop/local_dev/logging/2_logging_file_handler/logs/app.log and rotated backups
